This is pdfTeX, Version 3.141592653-2.6-1.40.24 (TeX Live 2022/Debian) (preloaded format=pdflatex 2023.12.1)  1 DEC 2023 16:01
entering extended mode
 restricted \write18 enabled.
 %&-line parsing enabled.
**template_Beamer.tex
(./template_Beamer.tex
LaTeX2e <2022-11-01> patch level 1
L3 programming layer <2023-01-16>
(/usr/share/texlive/texmf-dist/tex/latex/beamer/beamer.cls
Document Class: beamer 2022/09/13 v3.68 A class for typesetting presentations
(/usr/share/texlive/texmf-dist/tex/latex/beamer/beamerbasemodes.sty
(/usr/share/texlive/texmf-dist/tex/latex/etoolbox/etoolbox.sty
Package: etoolbox 2020/10/05 v2.5k e-TeX tools for LaTeX (JAW)
\etb@tempcnta=\count185
)
\beamer@tempbox=\box51
\beamer@tempcount=\count186
\c@beamerpauses=\count187

(/usr/share/texlive/texmf-dist/tex/latex/beamer/beamerbasedecode.sty
\beamer@slideinframe=\count188
\beamer@minimum=\count189
\beamer@decode@box=\box52
)
\beamer@commentbox=\box53
\beamer@modecount=\count190
)
(/usr/share/texlive/texmf-dist/tex/generic/iftex/iftex.sty
Package: iftex 2022/02/03 v1.0f TeX engine tests
)
\headdp=\dimen140
\footheight=\dimen141
\sidebarheight=\dimen142
\beamer@tempdim=\dimen143
\beamer@finalheight=\dimen144
\beamer@animht=\dimen145
\beamer@animdp=\dimen146
\beamer@animwd=\dimen147
\beamer@leftmargin=\dimen148
\beamer@rightmargin=\dimen149
\beamer@leftsidebar=\dimen150
\beamer@rightsidebar=\dimen151
\beamer@boxsize=\dimen152
\beamer@vboxoffset=\dimen153
\beamer@descdefault=\dimen154
\beamer@descriptionwidth=\dimen155
\beamer@lastskip=\skip48
\beamer@areabox=\box54
\beamer@animcurrent=\box55
\beamer@animshowbox=\box56
\beamer@sectionbox=\box57
\beamer@logobox=\box58
\beamer@linebox=\box59
\beamer@sectioncount=\count191
\beamer@subsubsectionmax=\count192
\beamer@subsectionmax=\count193
\beamer@sectionmax=\count194
\beamer@totalheads=\count195
\beamer@headcounter=\count196
\beamer@partstartpage=\count197
\beamer@sectionstartpage=\count198
\beamer@subsectionstartpage=\count199
\beamer@animationtempa=\count266
\beamer@animationtempb=\count267
\beamer@xpos=\count268
\beamer@ypos=\count269
\beamer@ypos@offset=\count270
\beamer@showpartnumber=\count271
\beamer@currentsubsection=\count272
\beamer@coveringdepth=\count273
\beamer@sectionadjust=\count274
\beamer@toclastsection=\count275
\beamer@tocsectionnumber=\count276

(/usr/share/texlive/texmf-dist/tex/latex/beamer/beamerbaseoptions.sty
(/usr/share/texlive/texmf-dist/tex/latex/graphics/keyval.sty
Package: keyval 2022/05/29 v1.15 key=value parser (DPC)
\KV@toks@=\toks16
))
\beamer@paperwidth=\skip49
\beamer@paperheight=\skip50

(/usr/share/texlive/texmf-dist/tex/latex/geometry/geometry.sty
Package: geometry 2020/01/02 v5.9 Page Geometry

(/usr/share/texlive/texmf-dist/tex/generic/iftex/ifvtex.sty
Package: ifvtex 2019/10/25 v1.7 ifvtex legacy package. Use iftex instead.
)
\Gm@cnth=\count277
\Gm@cntv=\count278
\c@Gm@tempcnt=\count279
\Gm@bindingoffset=\dimen156
\Gm@wd@mp=\dimen157
\Gm@odd@mp=\dimen158
\Gm@even@mp=\dimen159
\Gm@layoutwidth=\dimen160
\Gm@layoutheight=\dimen161
\Gm@layouthoffset=\dimen162
\Gm@layoutvoffset=\dimen163
\Gm@dimlist=\toks17
)
(/usr/share/texlive/texmf-dist/tex/latex/pgf/math/pgfmath.sty
(/usr/share/texlive/texmf-dist/tex/latex/pgf/utilities/pgfrcs.sty
(/usr/share/texlive/texmf-dist/tex/generic/pgf/utilities/pgfutil-common.tex
\pgfutil@everybye=\toks18
\pgfutil@tempdima=\dimen164
\pgfutil@tempdimb=\dimen165
)
(/usr/share/texlive/texmf-dist/tex/generic/pgf/utilities/pgfutil-latex.def
\pgfutil@abb=\box60
)
(/usr/share/texlive/texmf-dist/tex/generic/pgf/utilities/pgfrcs.code.tex
(/usr/share/texlive/texmf-dist/tex/generic/pgf/pgf.revision.tex)
Package: pgfrcs 2023-01-15 v3.1.10 (3.1.10)
))
(/usr/share/texlive/texmf-dist/tex/latex/pgf/utilities/pgfkeys.sty
(/usr/share/texlive/texmf-dist/tex/generic/pgf/utilities/pgfkeys.code.tex
\pgfkeys@pathtoks=\toks19
\pgfkeys@temptoks=\toks20

(/usr/share/texlive/texmf-dist/tex/generic/pgf/utilities/pgfkeyslibraryfiltered
.code.tex
\pgfkeys@tmptoks=\toks21
)))
(/usr/share/texlive/texmf-dist/tex/generic/pgf/math/pgfmath.code.tex
(/usr/share/texlive/texmf-dist/tex/generic/pgf/math/pgfmathutil.code.tex
\pgf@x=\dimen166
\pgf@xa=\dimen167
\pgf@xb=\dimen168
\pgf@xc=\dimen169
\pgf@y=\dimen170
\pgf@ya=\dimen171
\pgf@yb=\dimen172
\pgf@yc=\dimen173
\c@pgf@counta=\count280
\c@pgf@countb=\count281
\c@pgf@countc=\count282
\c@pgf@countd=\count283
)
(/usr/share/texlive/texmf-dist/tex/generic/pgf/math/pgfmathparser.code.tex
\pgfmath@dimen=\dimen174
\pgfmath@count=\count284
\pgfmath@box=\box61
\pgfmath@toks=\toks22
\pgfmath@stack@operand=\toks23
\pgfmath@stack@operation=\toks24
)
(/usr/share/texlive/texmf-dist/tex/generic/pgf/math/pgfmathfunctions.code.tex)
(/usr/share/texlive/texmf-dist/tex/generic/pgf/math/pgfmathfunctions.basic.code
.tex)
(/usr/share/texlive/texmf-dist/tex/generic/pgf/math/pgfmathfunctions.trigonomet
ric.code.tex)
(/usr/share/texlive/texmf-dist/tex/generic/pgf/math/pgfmathfunctions.random.cod
e.tex)
(/usr/share/texlive/texmf-dist/tex/generic/pgf/math/pgfmathfunctions.comparison
.code.tex)
(/usr/share/texlive/texmf-dist/tex/generic/pgf/math/pgfmathfunctions.base.code.
tex)
(/usr/share/texlive/texmf-dist/tex/generic/pgf/math/pgfmathfunctions.round.code
.tex)
(/usr/share/texlive/texmf-dist/tex/generic/pgf/math/pgfmathfunctions.misc.code.
tex)
(/usr/share/texlive/texmf-dist/tex/generic/pgf/math/pgfmathfunctions.integerari
thmetics.code.tex)
(/usr/share/texlive/texmf-dist/tex/generic/pgf/math/pgfmathcalc.code.tex)
(/usr/share/texlive/texmf-dist/tex/generic/pgf/math/pgfmathfloat.code.tex
\c@pgfmathroundto@lastzeros=\count285
)))
(/usr/share/texlive/texmf-dist/tex/latex/base/size11.clo
File: size11.clo 2022/07/02 v1.4n Standard LaTeX file (size option)
)
(/usr/share/texlive/texmf-dist/tex/latex/pgf/basiclayer/pgfcore.sty
(/usr/share/texlive/texmf-dist/tex/latex/graphics/graphicx.sty
Package: graphicx 2021/09/16 v1.2d Enhanced LaTeX Graphics (DPC,SPQR)

(/usr/share/texlive/texmf-dist/tex/latex/graphics/graphics.sty
Package: graphics 2022/03/10 v1.4e Standard LaTeX Graphics (DPC,SPQR)

(/usr/share/texlive/texmf-dist/tex/latex/graphics/trig.sty
Package: trig 2021/08/11 v1.11 sin cos tan (DPC)
)
(/usr/share/texlive/texmf-dist/tex/latex/graphics-cfg/graphics.cfg
File: graphics.cfg 2016/06/04 v1.11 sample graphics configuration
)
Package graphics Info: Driver file: pdftex.def on input line 107.

(/usr/share/texlive/texmf-dist/tex/latex/graphics-def/pdftex.def
File: pdftex.def 2022/09/22 v1.2b Graphics/color driver for pdftex
))
\Gin@req@height=\dimen175
\Gin@req@width=\dimen176
)
(/usr/share/texlive/texmf-dist/tex/latex/pgf/systemlayer/pgfsys.sty
(/usr/share/texlive/texmf-dist/tex/generic/pgf/systemlayer/pgfsys.code.tex
Package: pgfsys 2023-01-15 v3.1.10 (3.1.10)
\pgf@x=\dimen177
\pgf@y=\dimen178
\pgf@xa=\dimen179
\pgf@ya=\dimen180
\pgf@xb=\dimen181
\pgf@yb=\dimen182
\pgf@xc=\dimen183
\pgf@yc=\dimen184
\pgf@xd=\dimen185
\pgf@yd=\dimen186
\w@pgf@writea=\write3
\r@pgf@reada=\read2
\c@pgf@counta=\count286
\c@pgf@countb=\count287
\c@pgf@countc=\count288
\c@pgf@countd=\count289
\t@pgf@toka=\toks25
\t@pgf@tokb=\toks26
\t@pgf@tokc=\toks27
\pgf@sys@id@count=\count290

(/usr/share/texlive/texmf-dist/tex/generic/pgf/systemlayer/pgf.cfg
File: pgf.cfg 2023-01-15 v3.1.10 (3.1.10)
)
Driver file for pgf: pgfsys-pdftex.def

(/usr/share/texlive/texmf-dist/tex/generic/pgf/systemlayer/pgfsys-pdftex.def
File: pgfsys-pdftex.def 2023-01-15 v3.1.10 (3.1.10)

(/usr/share/texlive/texmf-dist/tex/generic/pgf/systemlayer/pgfsys-common-pdf.de
f
File: pgfsys-common-pdf.def 2023-01-15 v3.1.10 (3.1.10)
)))
(/usr/share/texlive/texmf-dist/tex/generic/pgf/systemlayer/pgfsyssoftpath.code.
tex
File: pgfsyssoftpath.code.tex 2023-01-15 v3.1.10 (3.1.10)
\pgfsyssoftpath@smallbuffer@items=\count291
\pgfsyssoftpath@bigbuffer@items=\count292
)
(/usr/share/texlive/texmf-dist/tex/generic/pgf/systemlayer/pgfsysprotocol.code.
tex
File: pgfsysprotocol.code.tex 2023-01-15 v3.1.10 (3.1.10)
)) (/usr/share/texlive/texmf-dist/tex/latex/xcolor/xcolor.sty
Package: xcolor 2022/06/12 v2.14 LaTeX color extensions (UK)

(/usr/share/texlive/texmf-dist/tex/latex/graphics-cfg/color.cfg
File: color.cfg 2016/01/02 v1.6 sample color configuration
)
Package xcolor Info: Driver file: pdftex.def on input line 227.

(/usr/share/texlive/texmf-dist/tex/latex/graphics/mathcolor.ltx)
Package xcolor Info: Model `cmy' substituted by `cmy0' on input line 1353.
Package xcolor Info: Model `hsb' substituted by `rgb' on input line 1357.
Package xcolor Info: Model `RGB' extended on input line 1369.
Package xcolor Info: Model `HTML' substituted by `rgb' on input line 1371.
Package xcolor Info: Model `Hsb' substituted by `hsb' on input line 1372.
Package xcolor Info: Model `tHsb' substituted by `hsb' on input line 1373.
Package xcolor Info: Model `HSB' substituted by `hsb' on input line 1374.
Package xcolor Info: Model `Gray' substituted by `gray' on input line 1375.
Package xcolor Info: Model `wave' substituted by `hsb' on input line 1376.
)
(/usr/share/texlive/texmf-dist/tex/generic/pgf/basiclayer/pgfcore.code.tex
Package: pgfcore 2023-01-15 v3.1.10 (3.1.10)

(/usr/share/texlive/texmf-dist/tex/generic/pgf/math/pgfint.code.tex)
(/usr/share/texlive/texmf-dist/tex/generic/pgf/basiclayer/pgfcorepoints.code.te
x
File: pgfcorepoints.code.tex 2023-01-15 v3.1.10 (3.1.10)
\pgf@picminx=\dimen187
\pgf@picmaxx=\dimen188
\pgf@picminy=\dimen189
\pgf@picmaxy=\dimen190
\pgf@pathminx=\dimen191
\pgf@pathmaxx=\dimen192
\pgf@pathminy=\dimen193
\pgf@pathmaxy=\dimen194
\pgf@xx=\dimen195
\pgf@xy=\dimen196
\pgf@yx=\dimen197
\pgf@yy=\dimen198
\pgf@zx=\dimen199
\pgf@zy=\dimen256
)
(/usr/share/texlive/texmf-dist/tex/generic/pgf/basiclayer/pgfcorepathconstruct.
code.tex
File: pgfcorepathconstruct.code.tex 2023-01-15 v3.1.10 (3.1.10)
\pgf@path@lastx=\dimen257
\pgf@path@lasty=\dimen258
)
(/usr/share/texlive/texmf-dist/tex/generic/pgf/basiclayer/pgfcorepathusage.code
.tex
File: pgfcorepathusage.code.tex 2023-01-15 v3.1.10 (3.1.10)
\pgf@shorten@end@additional=\dimen259
\pgf@shorten@start@additional=\dimen260
)
(/usr/share/texlive/texmf-dist/tex/generic/pgf/basiclayer/pgfcorescopes.code.te
x
File: pgfcorescopes.code.tex 2023-01-15 v3.1.10 (3.1.10)
\pgfpic=\box62
\pgf@hbox=\box63
\pgf@layerbox@main=\box64
\pgf@picture@serial@count=\count293
)
(/usr/share/texlive/texmf-dist/tex/generic/pgf/basiclayer/pgfcoregraphicstate.c
ode.tex
File: pgfcoregraphicstate.code.tex 2023-01-15 v3.1.10 (3.1.10)
\pgflinewidth=\dimen261
)
(/usr/share/texlive/texmf-dist/tex/generic/pgf/basiclayer/pgfcoretransformation
s.code.tex
File: pgfcoretransformations.code.tex 2023-01-15 v3.1.10 (3.1.10)
\pgf@pt@x=\dimen262
\pgf@pt@y=\dimen263
\pgf@pt@temp=\dimen264
)
(/usr/share/texlive/texmf-dist/tex/generic/pgf/basiclayer/pgfcorequick.code.tex
File: pgfcorequick.code.tex 2023-01-15 v3.1.10 (3.1.10)
)
(/usr/share/texlive/texmf-dist/tex/generic/pgf/basiclayer/pgfcoreobjects.code.t
ex
File: pgfcoreobjects.code.tex 2023-01-15 v3.1.10 (3.1.10)
)
(/usr/share/texlive/texmf-dist/tex/generic/pgf/basiclayer/pgfcorepathprocessing
.code.tex
File: pgfcorepathprocessing.code.tex 2023-01-15 v3.1.10 (3.1.10)
)
(/usr/share/texlive/texmf-dist/tex/generic/pgf/basiclayer/pgfcorearrows.code.te
x
File: pgfcorearrows.code.tex 2023-01-15 v3.1.10 (3.1.10)
\pgfarrowsep=\dimen265
)
(/usr/share/texlive/texmf-dist/tex/generic/pgf/basiclayer/pgfcoreshade.code.tex
File: pgfcoreshade.code.tex 2023-01-15 v3.1.10 (3.1.10)
\pgf@max=\dimen266
\pgf@sys@shading@range@num=\count294
\pgf@shadingcount=\count295
)
(/usr/share/texlive/texmf-dist/tex/generic/pgf/basiclayer/pgfcoreimage.code.tex
File: pgfcoreimage.code.tex 2023-01-15 v3.1.10 (3.1.10)
)
(/usr/share/texlive/texmf-dist/tex/generic/pgf/basiclayer/pgfcoreexternal.code.
tex
File: pgfcoreexternal.code.tex 2023-01-15 v3.1.10 (3.1.10)
\pgfexternal@startupbox=\box65
)
(/usr/share/texlive/texmf-dist/tex/generic/pgf/basiclayer/pgfcorelayers.code.te
x
File: pgfcorelayers.code.tex 2023-01-15 v3.1.10 (3.1.10)
)
(/usr/share/texlive/texmf-dist/tex/generic/pgf/basiclayer/pgfcoretransparency.c
ode.tex
File: pgfcoretransparency.code.tex 2023-01-15 v3.1.10 (3.1.10)
)
(/usr/share/texlive/texmf-dist/tex/generic/pgf/basiclayer/pgfcorepatterns.code.
tex
File: pgfcorepatterns.code.tex 2023-01-15 v3.1.10 (3.1.10)
)
(/usr/share/texlive/texmf-dist/tex/generic/pgf/basiclayer/pgfcorerdf.code.tex
File: pgfcorerdf.code.tex 2023-01-15 v3.1.10 (3.1.10)
))) (/usr/share/texlive/texmf-dist/tex/latex/pgf/utilities/xxcolor.sty
Package: xxcolor 2003/10/24 ver 0.1
\XC@nummixins=\count296
\XC@countmixins=\count297
)
(/usr/share/texlive/texmf-dist/tex/latex/base/atbegshi-ltx.sty
Package: atbegshi-ltx 2021/01/10 v1.0c Emulation of the original atbegshi
package with kernel methods
)
(/usr/share/texlive/texmf-dist/tex/latex/hyperref/hyperref.sty
Package: hyperref 2022-11-13 v7.00u Hypertext links for LaTeX

(/usr/share/texlive/texmf-dist/tex/generic/ltxcmds/ltxcmds.sty
Package: ltxcmds 2020-05-10 v1.25 LaTeX kernel commands for general use (HO)
)
(/usr/share/texlive/texmf-dist/tex/generic/pdftexcmds/pdftexcmds.sty
Package: pdftexcmds 2020-06-27 v0.33 Utility functions of pdfTeX for LuaTeX (HO
)

(/usr/share/texlive/texmf-dist/tex/generic/infwarerr/infwarerr.sty
Package: infwarerr 2019/12/03 v1.5 Providing info/warning/error messages (HO)
)
Package pdftexcmds Info: \pdf@primitive is available.
Package pdftexcmds Info: \pdf@ifprimitive is available.
Package pdftexcmds Info: \pdfdraftmode found.
)
(/usr/share/texlive/texmf-dist/tex/latex/kvsetkeys/kvsetkeys.sty
Package: kvsetkeys 2022-10-05 v1.19 Key value parser (HO)
)
(/usr/share/texlive/texmf-dist/tex/generic/kvdefinekeys/kvdefinekeys.sty
Package: kvdefinekeys 2019-12-19 v1.6 Define keys (HO)
)
(/usr/share/texlive/texmf-dist/tex/generic/pdfescape/pdfescape.sty
Package: pdfescape 2019/12/09 v1.15 Implements pdfTeX's escape features (HO)
)
(/usr/share/texlive/texmf-dist/tex/latex/hycolor/hycolor.sty
Package: hycolor 2020-01-27 v1.10 Color options for hyperref/bookmark (HO)
)
(/usr/share/texlive/texmf-dist/tex/latex/letltxmacro/letltxmacro.sty
Package: letltxmacro 2019/12/03 v1.6 Let assignment for LaTeX macros (HO)
)
(/usr/share/texlive/texmf-dist/tex/latex/auxhook/auxhook.sty
Package: auxhook 2019-12-17 v1.6 Hooks for auxiliary files (HO)
)
(/usr/share/texlive/texmf-dist/tex/latex/hyperref/nameref.sty
Package: nameref 2022-05-17 v2.50 Cross-referencing by name of section

(/usr/share/texlive/texmf-dist/tex/latex/refcount/refcount.sty
Package: refcount 2019/12/15 v3.6 Data extraction from label references (HO)
)
(/usr/share/texlive/texmf-dist/tex/generic/gettitlestring/gettitlestring.sty
Package: gettitlestring 2019/12/15 v1.6 Cleanup title references (HO)

(/usr/share/texlive/texmf-dist/tex/latex/kvoptions/kvoptions.sty
Package: kvoptions 2022-06-15 v3.15 Key value format for package options (HO)
))
\c@section@level=\count298
)
\@linkdim=\dimen267
\Hy@linkcounter=\count299
\Hy@pagecounter=\count300

(/usr/share/texlive/texmf-dist/tex/latex/hyperref/pd1enc.def
File: pd1enc.def 2022-11-13 v7.00u Hyperref: PDFDocEncoding definition (HO)
Now handling font encoding PD1 ...
... no UTF-8 mapping file for font encoding PD1
)
(/usr/share/texlive/texmf-dist/tex/generic/intcalc/intcalc.sty
Package: intcalc 2019/12/15 v1.3 Expandable calculations with integers (HO)
)
(/usr/share/texlive/texmf-dist/tex/generic/etexcmds/etexcmds.sty
Package: etexcmds 2019/12/15 v1.7 Avoid name clashes with e-TeX commands (HO)
)
\Hy@SavedSpaceFactor=\count301

(/usr/share/texlive/texmf-dist/tex/latex/hyperref/puenc.def
File: puenc.def 2022-11-13 v7.00u Hyperref: PDF Unicode definition (HO)
Now handling font encoding PU ...
... no UTF-8 mapping file for font encoding PU
)
Package hyperref Info: Option `bookmarks' set `true' on input line 4045.
Package hyperref Info: Option `bookmarksopen' set `true' on input line 4045.
Package hyperref Info: Option `implicit' set `false' on input line 4045.
Package hyperref Info: Hyper figures OFF on input line 4162.
Package hyperref Info: Link nesting OFF on input line 4167.
Package hyperref Info: Hyper index ON on input line 4170.
Package hyperref Info: Plain pages OFF on input line 4177.
Package hyperref Info: Backreferencing OFF on input line 4182.
Package hyperref Info: Implicit mode OFF; no redefinition of LaTeX internals.
Package hyperref Info: Bookmarks ON on input line 4410.
\c@Hy@tempcnt=\count302

(/usr/share/texlive/texmf-dist/tex/latex/url/url.sty
\Urlmuskip=\muskip16
Package: url 2013/09/16  ver 3.4  Verb mode for urls, etc.
)
LaTeX Info: Redefining \url on input line 4748.
\XeTeXLinkMargin=\dimen268

(/usr/share/texlive/texmf-dist/tex/generic/bitset/bitset.sty
Package: bitset 2019/12/09 v1.3 Handle bit-vector datatype (HO)

(/usr/share/texlive/texmf-dist/tex/generic/bigintcalc/bigintcalc.sty
Package: bigintcalc 2019/12/15 v1.5 Expandable calculations on big integers (HO
)
))
\Fld@menulength=\count303
\Field@Width=\dimen269
\Fld@charsize=\dimen270
Package hyperref Info: Hyper figures OFF on input line 6027.
Package hyperref Info: Link nesting OFF on input line 6032.
Package hyperref Info: Hyper index ON on input line 6035.
Package hyperref Info: backreferencing OFF on input line 6042.
Package hyperref Info: Link coloring OFF on input line 6047.
Package hyperref Info: Link coloring with OCG OFF on input line 6052.
Package hyperref Info: PDF/A mode OFF on input line 6057.
\Hy@abspage=\count304


Package hyperref Message: Stopped early.

)
Package hyperref Info: Driver (autodetected): hpdftex.
 (/usr/share/texlive/texmf-dist/tex/latex/hyperref/hpdftex.def
File: hpdftex.def 2022-11-13 v7.00u Hyperref driver for pdfTeX

(/usr/share/texlive/texmf-dist/tex/latex/base/atveryend-ltx.sty
Package: atveryend-ltx 2020/08/19 v1.0a Emulation of the original atveryend pac
kage
with kernel methods
)
\Fld@listcount=\count305
\c@bookmark@seq@number=\count306

(/usr/share/texlive/texmf-dist/tex/latex/rerunfilecheck/rerunfilecheck.sty
Package: rerunfilecheck 2022-07-10 v1.10 Rerun checks for auxiliary files (HO)

(/usr/share/texlive/texmf-dist/tex/generic/uniquecounter/uniquecounter.sty
Package: uniquecounter 2019/12/15 v1.4 Provide unlimited unique counter (HO)
)
Package uniquecounter Info: New unique counter `rerunfilecheck' on input line 2
85.
))
(/usr/share/texlive/texmf-dist/tex/latex/beamer/beamerbaserequires.sty
(/usr/share/texlive/texmf-dist/tex/latex/beamer/beamerbasecompatibility.sty)
(/usr/share/texlive/texmf-dist/tex/latex/beamer/beamerbasefont.sty
(/usr/share/texlive/texmf-dist/tex/latex/amsfonts/amssymb.sty
Package: amssymb 2013/01/14 v3.01 AMS font symbols

(/usr/share/texlive/texmf-dist/tex/latex/amsfonts/amsfonts.sty
Package: amsfonts 2013/01/14 v3.01 Basic AMSFonts support
\@emptytoks=\toks28
\symAMSa=\mathgroup4
\symAMSb=\mathgroup5
LaTeX Font Info:    Redeclaring math symbol \hbar on input line 98.
LaTeX Font Info:    Overwriting math alphabet `\mathfrak' in version `bold'
(Font)                  U/euf/m/n --> U/euf/b/n on input line 106.
))
(/usr/share/texlive/texmf-dist/tex/latex/sansmathaccent/sansmathaccent.sty
Package: sansmathaccent 2020/01/31

(/usr/share/texlive/texmf-dist/tex/latex/koma-script/scrlfile.sty
Package: scrlfile 2022/10/12 v3.38 KOMA-Script package (file load hooks)

(/usr/share/texlive/texmf-dist/tex/latex/koma-script/scrlfile-hook.sty
Package: scrlfile-hook 2022/10/12 v3.38 KOMA-Script package (using LaTeX hooks)


(/usr/share/texlive/texmf-dist/tex/latex/koma-script/scrlogo.sty
Package: scrlogo 2022/10/12 v3.38 KOMA-Script package (logo)
)))))
(/usr/share/texlive/texmf-dist/tex/latex/beamer/beamerbasetranslator.sty
(/usr/share/texlive/texmf-dist/tex/latex/translator/translator.sty
Package: translator 2021-05-31 v1.12d Easy translation of strings in LaTeX
))
(/usr/share/texlive/texmf-dist/tex/latex/beamer/beamerbasemisc.sty)
(/usr/share/texlive/texmf-dist/tex/latex/beamer/beamerbasetwoscreens.sty)
(/usr/share/texlive/texmf-dist/tex/latex/beamer/beamerbaseoverlay.sty
\beamer@argscount=\count307
\beamer@lastskipcover=\skip51
\beamer@trivlistdepth=\count308
)
(/usr/share/texlive/texmf-dist/tex/latex/beamer/beamerbasetitle.sty)
(/usr/share/texlive/texmf-dist/tex/latex/beamer/beamerbasesection.sty
\c@lecture=\count309
\c@part=\count310
\c@section=\count311
\c@subsection=\count312
\c@subsubsection=\count313
)
(/usr/share/texlive/texmf-dist/tex/latex/beamer/beamerbaseframe.sty
\beamer@framebox=\box66
\beamer@frametitlebox=\box67
\beamer@zoombox=\box68
\beamer@zoomcount=\count314
\beamer@zoomframecount=\count315
\beamer@frametextheight=\dimen271
\c@subsectionslide=\count316
\beamer@frametopskip=\skip52
\beamer@framebottomskip=\skip53
\beamer@frametopskipautobreak=\skip54
\beamer@framebottomskipautobreak=\skip55
\beamer@envbody=\toks29
\framewidth=\dimen272
\c@framenumber=\count317
)
(/usr/share/texlive/texmf-dist/tex/latex/beamer/beamerbaseverbatim.sty
\beamer@verbatimfileout=\write4
)
(/usr/share/texlive/texmf-dist/tex/latex/beamer/beamerbaseframesize.sty
\beamer@splitbox=\box69
\beamer@autobreakcount=\count318
\beamer@autobreaklastheight=\dimen273
\beamer@frametitletoks=\toks30
\beamer@framesubtitletoks=\toks31
)
(/usr/share/texlive/texmf-dist/tex/latex/beamer/beamerbaseframecomponents.sty
\beamer@footins=\box70
)
(/usr/share/texlive/texmf-dist/tex/latex/beamer/beamerbasecolor.sty)
(/usr/share/texlive/texmf-dist/tex/latex/beamer/beamerbasenotes.sty
\beamer@frameboxcopy=\box71
)
(/usr/share/texlive/texmf-dist/tex/latex/beamer/beamerbasetoc.sty)
(/usr/share/texlive/texmf-dist/tex/latex/beamer/beamerbasetemplates.sty
\beamer@sbttoks=\toks32

(/usr/share/texlive/texmf-dist/tex/latex/beamer/beamerbaseauxtemplates.sty
(/usr/share/texlive/texmf-dist/tex/latex/beamer/beamerbaseboxes.sty
\bmb@box=\box72
\bmb@colorbox=\box73
\bmb@boxwidth=\dimen274
\bmb@boxheight=\dimen275
\bmb@prevheight=\dimen276
\bmb@temp=\dimen277
\bmb@dima=\dimen278
\bmb@dimb=\dimen279
\bmb@prevheight=\dimen280
)
\beamer@blockheadheight=\dimen281
))
(/usr/share/texlive/texmf-dist/tex/latex/beamer/beamerbaselocalstructure.sty
(/usr/share/texlive/texmf-dist/tex/latex/tools/enumerate.sty
Package: enumerate 2015/07/23 v3.00 enumerate extensions (DPC)
\@enLab=\toks33
)
\beamer@bibiconwidth=\skip56
\c@figure=\count319
\c@table=\count320
\abovecaptionskip=\skip57
\belowcaptionskip=\skip58
)
(/usr/share/texlive/texmf-dist/tex/latex/beamer/beamerbasenavigation.sty
\beamer@section@min@dim=\dimen282
)
(/usr/share/texlive/texmf-dist/tex/latex/beamer/beamerbasetheorems.sty
(/usr/share/texlive/texmf-dist/tex/latex/amsmath/amsmath.sty
Package: amsmath 2022/04/08 v2.17n AMS math features
\@mathmargin=\skip59

For additional information on amsmath, use the `?' option.
(/usr/share/texlive/texmf-dist/tex/latex/amsmath/amstext.sty
Package: amstext 2021/08/26 v2.01 AMS text

(/usr/share/texlive/texmf-dist/tex/latex/amsmath/amsgen.sty
File: amsgen.sty 1999/11/30 v2.0 generic functions
\@emptytoks=\toks34
\ex@=\dimen283
))
(/usr/share/texlive/texmf-dist/tex/latex/amsmath/amsbsy.sty
Package: amsbsy 1999/11/29 v1.2d Bold Symbols
\pmbraise@=\dimen284
)
(/usr/share/texlive/texmf-dist/tex/latex/amsmath/amsopn.sty
Package: amsopn 2022/04/08 v2.04 operator names
)
\inf@bad=\count321
LaTeX Info: Redefining \frac on input line 234.
\uproot@=\count322
\leftroot@=\count323
LaTeX Info: Redefining \overline on input line 399.
LaTeX Info: Redefining \colon on input line 410.
\classnum@=\count324
\DOTSCASE@=\count325
LaTeX Info: Redefining \ldots on input line 496.
LaTeX Info: Redefining \dots on input line 499.
LaTeX Info: Redefining \cdots on input line 620.
\Mathstrutbox@=\box74
\strutbox@=\box75
LaTeX Info: Redefining \big on input line 722.
LaTeX Info: Redefining \Big on input line 723.
LaTeX Info: Redefining \bigg on input line 724.
LaTeX Info: Redefining \Bigg on input line 725.
\big@size=\dimen285
LaTeX Font Info:    Redeclaring font encoding OML on input line 743.
LaTeX Font Info:    Redeclaring font encoding OMS on input line 744.
\macc@depth=\count326
LaTeX Info: Redefining \bmod on input line 905.
LaTeX Info: Redefining \pmod on input line 910.
LaTeX Info: Redefining \smash on input line 940.
LaTeX Info: Redefining \relbar on input line 970.
LaTeX Info: Redefining \Relbar on input line 971.
\c@MaxMatrixCols=\count327
\dotsspace@=\muskip17
\c@parentequation=\count328
\dspbrk@lvl=\count329
\tag@help=\toks35
\row@=\count330
\column@=\count331
\maxfields@=\count332
\andhelp@=\toks36
\eqnshift@=\dimen286
\alignsep@=\dimen287
\tagshift@=\dimen288
\tagwidth@=\dimen289
\totwidth@=\dimen290
\lineht@=\dimen291
\@envbody=\toks37
\multlinegap=\skip60
\multlinetaggap=\skip61
\mathdisplay@stack=\toks38
LaTeX Info: Redefining \[ on input line 2953.
LaTeX Info: Redefining \] on input line 2954.
)
(/usr/share/texlive/texmf-dist/tex/latex/amscls/amsthm.sty
Package: amsthm 2020/05/29 v2.20.6
\thm@style=\toks39
\thm@bodyfont=\toks40
\thm@headfont=\toks41
\thm@notefont=\toks42
\thm@headpunct=\toks43
\thm@preskip=\skip62
\thm@postskip=\skip63
\thm@headsep=\skip64
\dth@everypar=\toks44
)
\c@theorem=\count333
)
(/usr/share/texlive/texmf-dist/tex/latex/beamer/beamerbasethemes.sty))
(/usr/share/texlive/texmf-dist/tex/latex/beamer/beamerthemedefault.sty
(/usr/share/texlive/texmf-dist/tex/latex/beamer/beamerfontthemedefault.sty)
(/usr/share/texlive/texmf-dist/tex/latex/beamer/beamercolorthemedefault.sty)
(/usr/share/texlive/texmf-dist/tex/latex/beamer/beamerinnerthemedefault.sty
\beamer@dima=\dimen292
\beamer@dimb=\dimen293
)
(/usr/share/texlive/texmf-dist/tex/latex/beamer/beamerouterthemedefault.sty)))
(/usr/share/texlive/texmf-dist/tex/latex/base/inputenc.sty
Package: inputenc 2021/02/14 v1.3d Input encoding file
\inpenc@prehook=\toks45
\inpenc@posthook=\toks46
)
(/usr/share/texlive/texmf-dist/tex/latex/beamer/beamerthemeMadrid.sty
(/usr/share/texlive/texmf-dist/tex/latex/beamer/beamercolorthemewhale.sty)
(/usr/share/texlive/texmf-dist/tex/latex/beamer/beamercolorthemeorchid.sty)
(/usr/share/texlive/texmf-dist/tex/latex/beamer/beamerinnerthemerounded.sty)
(/usr/share/texlive/texmf-dist/tex/latex/beamer/beamerouterthemeinfolines.sty))
(/usr/share/texlive/texmf-dist/tex/latex/beamer/beamercolorthemeseahorse.sty)

Package hyperref Warning: Token not allowed in a PDF string (Unicode):
(hyperref)                removing `\\' on input line 10.


Package hyperref Warning: Token not allowed in a PDF string (Unicode):
(hyperref)                removing `\\' on input line 10.

(/usr/share/texlive/texmf-dist/tex/latex/l3backend/l3backend-pdftex.def
File: l3backend-pdftex.def 2023-01-16 L3 backend support: PDF output (pdfTeX)
\l__color_backend_stack_int=\count334
\l__pdf_internal_box=\box76
)
(./template_Beamer.aux)
\openout1 = `template_Beamer.aux'.

LaTeX Font Info:    Checking defaults for OML/cmm/m/it on input line 13.
LaTeX Font Info:    ... okay on input line 13.
LaTeX Font Info:    Checking defaults for OMS/cmsy/m/n on input line 13.
LaTeX Font Info:    ... okay on input line 13.
LaTeX Font Info:    Checking defaults for OT1/cmr/m/n on input line 13.
LaTeX Font Info:    ... okay on input line 13.
LaTeX Font Info:    Checking defaults for T1/cmr/m/n on input line 13.
LaTeX Font Info:    ... okay on input line 13.
LaTeX Font Info:    Checking defaults for TS1/cmr/m/n on input line 13.
LaTeX Font Info:    ... okay on input line 13.
LaTeX Font Info:    Checking defaults for OMX/cmex/m/n on input line 13.
LaTeX Font Info:    ... okay on input line 13.
LaTeX Font Info:    Checking defaults for U/cmr/m/n on input line 13.
LaTeX Font Info:    ... okay on input line 13.
LaTeX Font Info:    Checking defaults for PD1/pdf/m/n on input line 13.
LaTeX Font Info:    ... okay on input line 13.
LaTeX Font Info:    Checking defaults for PU/pdf/m/n on input line 13.
LaTeX Font Info:    ... okay on input line 13.

*geometry* driver: auto-detecting
*geometry* detected driver: pdftex
*geometry* verbose mode - [ preamble ] result:
* driver: pdftex
* paper: custom
* layout: <same size as paper>
* layoutoffset:(h,v)=(0.0pt,0.0pt)
* modes: includehead includefoot 
* h-part:(L,W,R)=(10.95003pt, 342.2953pt, 10.95003pt)
* v-part:(T,H,B)=(0.0pt, 273.14662pt, 0.0pt)
* \paperwidth=364.19536pt
* \paperheight=273.14662pt
* \textwidth=342.2953pt
* \textheight=244.6939pt
* \oddsidemargin=-61.31996pt
* \evensidemargin=-61.31996pt
* \topmargin=-72.26999pt
* \headheight=14.22636pt
* \headsep=0.0pt
* \topskip=11.0pt
* \footskip=14.22636pt
* \marginparwidth=4.0pt
* \marginparsep=10.0pt
* \columnsep=10.0pt
* \skip\footins=10.0pt plus 4.0pt minus 2.0pt
* \hoffset=0.0pt
* \voffset=0.0pt
* \mag=1000
* \@twocolumnfalse
* \@twosidefalse
* \@mparswitchfalse
* \@reversemarginfalse
* (1in=72.27pt=25.4mm, 1cm=28.453pt)

(/usr/share/texlive/texmf-dist/tex/context/base/mkii/supp-pdf.mkii
[Loading MPS to PDF converter (version 2006.09.02).]
\scratchcounter=\count335
\scratchdimen=\dimen294
\scratchbox=\box77
\nofMPsegments=\count336
\nofMParguments=\count337
\everyMPshowfont=\toks47
\MPscratchCnt=\count338
\MPscratchDim=\dimen295
\MPnumerator=\count339
\makeMPintoPDFobject=\count340
\everyMPtoPDFconversion=\toks48
) (/usr/share/texlive/texmf-dist/tex/latex/epstopdf-pkg/epstopdf-base.sty
Package: epstopdf-base 2020-01-24 v2.11 Base part for package epstopdf
Package epstopdf-base Info: Redefining graphics rule for `.eps' on input line 4
85.

(/usr/share/texlive/texmf-dist/tex/latex/latexconfig/epstopdf-sys.cfg
File: epstopdf-sys.cfg 2010/07/13 v1.3 Configuration of (r)epstopdf for TeX Liv
e
))
Package hyperref Info: Link coloring OFF on input line 13.

(./template_Beamer.out) (./template_Beamer.out)
\@outlinefile=\write5
\openout5 = `template_Beamer.out'.

LaTeX Font Info:    Overwriting symbol font `operators' in version `normal'
(Font)                  OT1/cmr/m/n --> OT1/cmss/m/n on input line 13.
LaTeX Font Info:    Overwriting symbol font `operators' in version `bold'
(Font)                  OT1/cmr/bx/n --> OT1/cmss/b/n on input line 13.
\symnumbers=\mathgroup6
\sympureletters=\mathgroup7
LaTeX Font Info:    Overwriting math alphabet `\mathrm' in version `normal'
(Font)                  OT1/cmss/m/n --> OT1/cmr/m/n on input line 13.
LaTeX Font Info:    Redeclaring math alphabet \mathbf on input line 13.
LaTeX Font Info:    Overwriting math alphabet `\mathbf' in version `normal'
(Font)                  OT1/cmr/bx/n --> OT1/cmss/b/n on input line 13.
LaTeX Font Info:    Overwriting math alphabet `\mathbf' in version `bold'
(Font)                  OT1/cmr/bx/n --> OT1/cmss/b/n on input line 13.
LaTeX Font Info:    Redeclaring math alphabet \mathsf on input line 13.
LaTeX Font Info:    Overwriting math alphabet `\mathsf' in version `normal'
(Font)                  OT1/cmss/m/n --> OT1/cmss/m/n on input line 13.
LaTeX Font Info:    Overwriting math alphabet `\mathsf' in version `bold'
(Font)                  OT1/cmss/bx/n --> OT1/cmss/m/n on input line 13.
LaTeX Font Info:    Redeclaring math alphabet \mathit on input line 13.
LaTeX Font Info:    Overwriting math alphabet `\mathit' in version `normal'
(Font)                  OT1/cmr/m/it --> OT1/cmss/m/it on input line 13.
LaTeX Font Info:    Overwriting math alphabet `\mathit' in version `bold'
(Font)                  OT1/cmr/bx/it --> OT1/cmss/m/it on input line 13.
LaTeX Font Info:    Redeclaring math alphabet \mathtt on input line 13.
LaTeX Font Info:    Overwriting math alphabet `\mathtt' in version `normal'
(Font)                  OT1/cmtt/m/n --> OT1/cmtt/m/n on input line 13.
LaTeX Font Info:    Overwriting math alphabet `\mathtt' in version `bold'
(Font)                  OT1/cmtt/m/n --> OT1/cmtt/m/n on input line 13.
LaTeX Font Info:    Overwriting symbol font `numbers' in version `bold'
(Font)                  OT1/cmss/m/n --> OT1/cmss/b/n on input line 13.
LaTeX Font Info:    Overwriting symbol font `pureletters' in version `bold'
(Font)                  OT1/cmss/m/it --> OT1/cmss/b/it on input line 13.
LaTeX Font Info:    Overwriting math alphabet `\mathrm' in version `bold'
(Font)                  OT1/cmss/b/n --> OT1/cmr/b/n on input line 13.
LaTeX Font Info:    Overwriting math alphabet `\mathbf' in version `bold'
(Font)                  OT1/cmss/b/n --> OT1/cmss/b/n on input line 13.
LaTeX Font Info:    Overwriting math alphabet `\mathsf' in version `bold'
(Font)                  OT1/cmss/m/n --> OT1/cmss/b/n on input line 13.
LaTeX Font Info:    Overwriting math alphabet `\mathit' in version `bold'
(Font)                  OT1/cmss/m/it --> OT1/cmss/b/it on input line 13.
LaTeX Font Info:    Overwriting math alphabet `\mathtt' in version `bold'
(Font)                  OT1/cmtt/m/n --> OT1/cmtt/b/n on input line 13.
LaTeX Font Info:    Redeclaring symbol font `pureletters' on input line 13.
LaTeX Font Info:    Overwriting symbol font `pureletters' in version `normal'
(Font)                  OT1/cmss/m/it --> OT1/mathkerncmss/m/sl on input line 1
3.
LaTeX Font Info:    Overwriting symbol font `pureletters' in version `bold'
(Font)                  OT1/cmss/b/it --> OT1/mathkerncmss/m/sl on input line 1
3.
LaTeX Font Info:    Overwriting symbol font `pureletters' in version `bold'
(Font)                  OT1/mathkerncmss/m/sl --> OT1/mathkerncmss/bx/sl on inp
ut line 13.

(/usr/share/texlive/texmf-dist/tex/latex/translator/translator-basic-dictionary
-English.dict
Dictionary: translator-basic-dictionary, Language: English 
)
(/usr/share/texlive/texmf-dist/tex/latex/translator/translator-bibliography-dic
tionary-English.dict
Dictionary: translator-bibliography-dictionary, Language: English 
)
(/usr/share/texlive/texmf-dist/tex/latex/translator/translator-environment-dict
ionary-English.dict
Dictionary: translator-environment-dictionary, Language: English 
)
(/usr/share/texlive/texmf-dist/tex/latex/translator/translator-months-dictionar
y-English.dict
Dictionary: translator-months-dictionary, Language: English 
)
(/usr/share/texlive/texmf-dist/tex/latex/translator/translator-numbers-dictiona
ry-English.dict
Dictionary: translator-numbers-dictionary, Language: English 
)
(/usr/share/texlive/texmf-dist/tex/latex/translator/translator-theorem-dictiona
ry-English.dict
Dictionary: translator-theorem-dictionary, Language: English 
) (./template_Beamer.nav)
Overfull \hbox (62.95137pt too wide) in paragraph at lines 13--13
 [][][][]  
 []


Overfull \hbox (62.95137pt too wide) has occurred while \output is active
 [][][][]  
 []

[1

{/var/lib/texmf/fonts/map/pdftex/updmap/pdftex.map}]
Overfull \hbox (62.95137pt too wide) has occurred while \output is active
 [][][][]  
 []

[2

]

LaTeX Font Warning: Font shape `OT1/cmss/bx/it' undefined
(Font)              using `OT1/cmss/b/it' instead on input line 37.


LaTeX Font Warning: Font shape `OT1/cmss/b/it' undefined
(Font)              using `OT1/cmss/b/n' instead on input line 37.

LaTeX Font Info:    Font shape `OT1/cmss/b/n' in size <10.95> not available
(Font)              Font shape `OT1/cmss/bx/n' tried instead on input line 37.
<Box_imagen.jpg, id=120, 1284.8pt x 722.7pt>
File: Box_imagen.jpg Graphic file (type jpg)
<use Box_imagen.jpg>
Package pdftex.def Info: Box_imagen.jpg  used on input line 37.
(pdftex.def)             Requested size: 239.60567pt x 134.77809pt.

Overfull \hbox (62.95137pt too wide) has occurred while \output is active
 [][][][]  
 []

[3

 <./Box_imagen.jpg>]

LaTeX Font Warning: Font shape `OT1/cmss/bx/it' undefined
(Font)              using `OT1/cmss/b/it' instead on input line 47.

LaTeX Font Info:    Font shape `OT1/cmss/b/it' in size <10.95> not available
(Font)              Font shape `OT1/cmss/bx/n' tried instead on input line 47.
<Von_Newman_imagen.png, id=147, 869.2475pt x 482.80376pt>
File: Von_Newman_imagen.png Graphic file (type png)
<use Von_Newman_imagen.png>
Package pdftex.def Info: Von_Newman_imagen.png  used on input line 47.
(pdftex.def)             Requested size: 239.60567pt x 133.08453pt.

Overfull \hbox (62.95137pt too wide) has occurred while \output is active
 [][][][]  
 []

[4

 <./Von_Newman_imagen.png>]
Overfull \hbox (62.95137pt too wide) has occurred while \output is active
 [][][][]  
 []

[5

]
<modelo-algoritmo_1.png, id=205, 874.26625pt x 491.8375pt>
File: modelo-algoritmo_1.png Graphic file (type png)
<use modelo-algoritmo_1.png>
Package pdftex.def Info: modelo-algoritmo_1.png  used on input line 70.
(pdftex.def)             Requested size: 239.60567pt x 134.79417pt.

Overfull \hbox (62.95137pt too wide) has occurred while \output is active
 [][][][]  
 []

[6

 <./modelo-algoritmo_1.png>]
<modelo-algoritmo_2.png, id=245, 875.27pt x 491.8375pt>
File: modelo-algoritmo_2.png Graphic file (type png)
<use modelo-algoritmo_2.png>
Package pdftex.def Info: modelo-algoritmo_2.png  used on input line 81.
(pdftex.def)             Requested size: 239.60567pt x 134.63658pt.

Overfull \hbox (62.95137pt too wide) has occurred while \output is active
 [][][][]  
 []

[7

 <./modelo-algoritmo_2.png>]
<modelo-algoritmo_3.png, id=287, 873.2625pt x 490.83376pt>
File: modelo-algoritmo_3.png Graphic file (type png)
<use modelo-algoritmo_3.png>
Package pdftex.def Info: modelo-algoritmo_3.png  used on input line 92.
(pdftex.def)             Requested size: 239.60567pt x 134.67636pt.

Overfull \hbox (62.95137pt too wide) has occurred while \output is active
 [][][][]  
 []

[8

 <./modelo-algoritmo_3.png>]
Overfull \hbox (62.95137pt too wide) has occurred while \output is active
 [][][][]  
 []

[9

]
<labels_features.png, id=367, 935.495pt x 291.0875pt>
File: labels_features.png Graphic file (type png)
<use labels_features.png>
Package pdftex.def Info: labels_features.png  used on input line 128.
(pdftex.def)             Requested size: 308.06367pt x 95.85484pt.

Overfull \hbox (62.95137pt too wide) has occurred while \output is active
 [][][][]  
 []

[10

 <./labels_features.png (PNG copy)>]
<Titanic.png, id=407, 976.64874pt x 655.44875pt>
File: Titanic.png Graphic file (type png)
<use Titanic.png>
Package pdftex.def Info: Titanic.png  used on input line 139.
(pdftex.def)             Requested size: 239.60567pt x 160.80138pt.

Overfull \hbox (62.95137pt too wide) has occurred while \output is active
 [][][][]  
 []

[11

 <./Titanic.png>]
Overfull \hbox (62.95137pt too wide) has occurred while \output is active
 [][][][]  
 []

[12

]
<supervisado_nosupervisado.png, id=485, 1097.60063pt x 654.94687pt>
File: supervisado_nosupervisado.png Graphic file (type png)
<use supervisado_nosupervisado.png>
Package pdftex.def Info: supervisado_nosupervisado.png  used on input line 173.

(pdftex.def)             Requested size: 308.06367pt x 183.8236pt.

Overfull \vbox (16.54964pt too high) detected at line 173
 []


Overfull \hbox (62.95137pt too wide) has occurred while \output is active
 [][][][]  
 []

[13

 <./supervisado_nosupervisado.png>]
Overfull \hbox (62.95137pt too wide) has occurred while \output is active
 [][][][]  
 []

[14

]
Overfull \hbox (62.95137pt too wide) has occurred while \output is active
 [][][][]  
 []

[15

]
<entrenamiento_prueba.png, id=602, 1140.26pt x 373.395pt>
File: entrenamiento_prueba.png Graphic file (type png)
<use entrenamiento_prueba.png>
Package pdftex.def Info: entrenamiento_prueba.png  used on input line 214.
(pdftex.def)             Requested size: 239.60567pt x 78.46083pt.

Overfull \hbox (62.95137pt too wide) has occurred while \output is active
 [][][][]  
 []

[16

 <./entrenamiento_prueba.png>]
Overfull \hbox (62.95137pt too wide) has occurred while \output is active
 [][][][]  
 []

[17

]
Overfull \hbox (62.95137pt too wide) has occurred while \output is active
 [][][][]  
 []

[18

]
<funcion_coste.png, id=719, 1439.3775pt x 626.34pt>
File: funcion_coste.png Graphic file (type png)
<use funcion_coste.png>
Package pdftex.def Info: funcion_coste.png  used on input line 248.
(pdftex.def)             Requested size: 308.06367pt x 134.04881pt.

Overfull \hbox (62.95137pt too wide) has occurred while \output is active
 [][][][]  
 []

[19

 <./funcion_coste.png>]
Overfull \hbox (62.95137pt too wide) has occurred while \output is active
 [][][][]  
 []

[20

]
Overfull \hbox (62.95137pt too wide) has occurred while \output is active
 [][][][]  
 []

[21

]
Overfull \hbox (62.95137pt too wide) has occurred while \output is active
 [][][][]  
 []

[22

]
Overfull \hbox (62.95137pt too wide) has occurred while \output is active
 [][][][]  
 []

[23

]
Overfull \hbox (62.95137pt too wide) has occurred while \output is active
 [][][][]  
 []

[24

]
<imagenes_regresion/IMG_3483.jpg, id=949, 1674.255pt x 943.525pt>
File: imagenes_regresion/IMG_3483.jpg Graphic file (type jpg)
<use imagenes_regresion/IMG_3483.jpg>
Package pdftex.def Info: imagenes_regresion/IMG_3483.jpg  used on input line 31
5.
(pdftex.def)             Requested size: 308.06367pt x 173.59918pt.

Overfull \vbox (6.32523pt too high) detected at line 315
 []


Overfull \hbox (62.95137pt too wide) has occurred while \output is active
 [][][][]  
 []

[25

 <./imagenes_regresion/IMG_3483.jpg>]
<imagenes_regresion/IMG_3483_1.jpeg, id=989, 1674.255pt x 942.52126pt>
File: imagenes_regresion/IMG_3483_1.jpeg Graphic file (type jpg)
<use imagenes_regresion/IMG_3483_1.jpeg>
Package pdftex.def Info: imagenes_regresion/IMG_3483_1.jpeg  used on input line
 325.
(pdftex.def)             Requested size: 308.06367pt x 173.4145pt.

Overfull \vbox (6.14055pt too high) detected at line 325
 []


Overfull \hbox (62.95137pt too wide) has occurred while \output is active
 [][][][]  
 []

[26

 <./imagenes_regresion/IMG_3483_1.jpeg>]
<imagenes_regresion/IMG_3484.jpg, id=1029, 1674.255pt x 943.525pt>
File: imagenes_regresion/IMG_3484.jpg Graphic file (type jpg)
<use imagenes_regresion/IMG_3484.jpg>
Package pdftex.def Info: imagenes_regresion/IMG_3484.jpg  used on input line 33
5.
(pdftex.def)             Requested size: 308.06367pt x 173.59918pt.

Overfull \vbox (6.32523pt too high) detected at line 335
 []


Overfull \hbox (62.95137pt too wide) has occurred while \output is active
 [][][][]  
 []

[27

 <./imagenes_regresion/IMG_3484.jpg>]
<imagenes_regresion/IMG_3485.jpg, id=1065, 1674.255pt x 927.465pt>
File: imagenes_regresion/IMG_3485.jpg Graphic file (type jpg)
<use imagenes_regresion/IMG_3485.jpg>
Package pdftex.def Info: imagenes_regresion/IMG_3485.jpg  used on input line 34
5.
(pdftex.def)             Requested size: 308.06367pt x 170.6443pt.

Overfull \vbox (3.37035pt too high) detected at line 345
 []


Overfull \hbox (62.95137pt too wide) has occurred while \output is active
 [][][][]  
 []

[28

 <./imagenes_regresion/IMG_3485.jpg>]
<imagenes_regresion/IMG_3486.jpg, id=1104, 1674.255pt x 943.525pt>
File: imagenes_regresion/IMG_3486.jpg Graphic file (type jpg)
<use imagenes_regresion/IMG_3486.jpg>
Package pdftex.def Info: imagenes_regresion/IMG_3486.jpg  used on input line 35
5.
(pdftex.def)             Requested size: 308.06367pt x 173.59918pt.

Overfull \vbox (6.32523pt too high) detected at line 355
 []


Overfull \hbox (62.95137pt too wide) has occurred while \output is active
 [][][][]  
 []

[29

 <./imagenes_regresion/IMG_3486.jpg>]
<imagenes_regresion/IMG_3487.jpg, id=1140, 1674.255pt x 943.525pt>
File: imagenes_regresion/IMG_3487.jpg Graphic file (type jpg)
<use imagenes_regresion/IMG_3487.jpg>
Package pdftex.def Info: imagenes_regresion/IMG_3487.jpg  used on input line 36
5.
(pdftex.def)             Requested size: 308.06367pt x 173.59918pt.

Overfull \vbox (6.32523pt too high) detected at line 365
 []


Overfull \hbox (62.95137pt too wide) has occurred while \output is active
 [][][][]  
 []

[30

 <./imagenes_regresion/IMG_3487.jpg>]
<imagenes_regresion/IMG_3488.jpg, id=1177, 1665.22125pt x 943.525pt>
File: imagenes_regresion/IMG_3488.jpg Graphic file (type jpg)
<use imagenes_regresion/IMG_3488.jpg>
Package pdftex.def Info: imagenes_regresion/IMG_3488.jpg  used on input line 37
5.
(pdftex.def)             Requested size: 308.06367pt x 174.5494pt.

Overfull \vbox (7.27544pt too high) detected at line 375
 []


Overfull \hbox (62.95137pt too wide) has occurred while \output is active
 [][][][]  
 []

[31

 <./imagenes_regresion/IMG_3488.jpg>]
<imagenes_regresion/IMG_3489.jpg, id=1216, 1674.255pt x 943.525pt>
File: imagenes_regresion/IMG_3489.jpg Graphic file (type jpg)
<use imagenes_regresion/IMG_3489.jpg>
Package pdftex.def Info: imagenes_regresion/IMG_3489.jpg  used on input line 38
5.
(pdftex.def)             Requested size: 308.06367pt x 173.59918pt.

Overfull \vbox (6.32523pt too high) detected at line 385
 []


Overfull \hbox (62.95137pt too wide) has occurred while \output is active
 [][][][]  
 []

[32

 <./imagenes_regresion/IMG_3489.jpg>]
Overfull \hbox (62.95137pt too wide) has occurred while \output is active
 [][][][]  
 []

[33

]
<Imagenes_reg_log/IMG_3490.jpg, id=1289, 1674.255pt x 943.525pt>
File: Imagenes_reg_log/IMG_3490.jpg Graphic file (type jpg)
<use Imagenes_reg_log/IMG_3490.jpg>
Package pdftex.def Info: Imagenes_reg_log/IMG_3490.jpg  used on input line 406.

(pdftex.def)             Requested size: 308.06367pt x 173.59918pt.

Overfull \vbox (6.32523pt too high) detected at line 406
 []


Overfull \hbox (62.95137pt too wide) has occurred while \output is active
 [][][][]  
 []

[34

 <./Imagenes_reg_log/IMG_3490.jpg>]
Overfull \hbox (62.95137pt too wide) has occurred while \output is active
 [][][][]  
 []

[35

]
<Imagenes_reg_log/IMG_3492.jpg, id=1363, 1674.255pt x 943.525pt>
File: Imagenes_reg_log/IMG_3492.jpg Graphic file (type jpg)
<use Imagenes_reg_log/IMG_3492.jpg>
Package pdftex.def Info: Imagenes_reg_log/IMG_3492.jpg  used on input line 432.

(pdftex.def)             Requested size: 308.06367pt x 173.59918pt.

Overfull \vbox (6.32523pt too high) detected at line 432
 []


Overfull \hbox (62.95137pt too wide) has occurred while \output is active
 [][][][]  
 []

[36

 <./Imagenes_reg_log/IMG_3492.jpg>]
<Imagenes_reg_log/IMG_3493.jpg, id=1399, 1674.255pt x 943.525pt>
File: Imagenes_reg_log/IMG_3493.jpg Graphic file (type jpg)
<use Imagenes_reg_log/IMG_3493.jpg>
Package pdftex.def Info: Imagenes_reg_log/IMG_3493.jpg  used on input line 442.

(pdftex.def)             Requested size: 308.06367pt x 173.59918pt.

Overfull \vbox (6.32523pt too high) detected at line 442
 []


Overfull \hbox (62.95137pt too wide) has occurred while \output is active
 [][][][]  
 []

[37

 <./Imagenes_reg_log/IMG_3493.jpg>]
<Imagenes_reg_log/IMG_3496.jpg, id=1437, 1674.255pt x 943.525pt>
File: Imagenes_reg_log/IMG_3496.jpg Graphic file (type jpg)
<use Imagenes_reg_log/IMG_3496.jpg>
Package pdftex.def Info: Imagenes_reg_log/IMG_3496.jpg  used on input line 452.

(pdftex.def)             Requested size: 308.06367pt x 173.59918pt.

Overfull \vbox (6.32523pt too high) detected at line 452
 []


Overfull \hbox (62.95137pt too wide) has occurred while \output is active
 [][][][]  
 []

[38

 <./Imagenes_reg_log/IMG_3496.jpg>]
<Imagenes_reg_log/IMG_3497.jpg, id=1473, 1674.255pt x 943.525pt>
File: Imagenes_reg_log/IMG_3497.jpg Graphic file (type jpg)
<use Imagenes_reg_log/IMG_3497.jpg>
Package pdftex.def Info: Imagenes_reg_log/IMG_3497.jpg  used on input line 463.

(pdftex.def)             Requested size: 308.06367pt x 173.59918pt.

Overfull \vbox (6.32523pt too high) detected at line 463
 []


Overfull \hbox (62.95137pt too wide) has occurred while \output is active
 [][][][]  
 []

[39

 <./Imagenes_reg_log/IMG_3497.jpg>]
<Imagenes_reg_log/IMG_3498.jpg, id=1509, 1665.22125pt x 943.525pt>
File: Imagenes_reg_log/IMG_3498.jpg Graphic file (type jpg)
<use Imagenes_reg_log/IMG_3498.jpg>
Package pdftex.def Info: Imagenes_reg_log/IMG_3498.jpg  used on input line 473.

(pdftex.def)             Requested size: 308.06367pt x 174.5494pt.

Overfull \vbox (7.27544pt too high) detected at line 473
 []


Overfull \hbox (62.95137pt too wide) has occurred while \output is active
 [][][][]  
 []

[40

 <./Imagenes_reg_log/IMG_3498.jpg>]
<Imagenes_reg_log/IMG_3499.jpg, id=1546, 1674.255pt x 943.525pt>
File: Imagenes_reg_log/IMG_3499.jpg Graphic file (type jpg)
<use Imagenes_reg_log/IMG_3499.jpg>
Package pdftex.def Info: Imagenes_reg_log/IMG_3499.jpg  used on input line 483.

(pdftex.def)             Requested size: 308.06367pt x 173.59918pt.

Overfull \vbox (6.32523pt too high) detected at line 483
 []


Overfull \hbox (62.95137pt too wide) has occurred while \output is active
 [][][][]  
 []

[41

 <./Imagenes_reg_log/IMG_3499.jpg>]
File: Imagenes_reg_log/IMG_3499.jpg Graphic file (type jpg)
<use Imagenes_reg_log/IMG_3499.jpg>
Package pdftex.def Info: Imagenes_reg_log/IMG_3499.jpg  used on input line 493.

(pdftex.def)             Requested size: 308.06367pt x 173.59918pt.

Overfull \vbox (6.32523pt too high) detected at line 493
 []


Overfull \hbox (62.95137pt too wide) has occurred while \output is active
 [][][][]  
 []

[42

]
<Imagenes_reg_log/IMG_3500.jpg, id=1617, 1674.255pt x 943.525pt>
File: Imagenes_reg_log/IMG_3500.jpg Graphic file (type jpg)
<use Imagenes_reg_log/IMG_3500.jpg>
Package pdftex.def Info: Imagenes_reg_log/IMG_3500.jpg  used on input line 503.

(pdftex.def)             Requested size: 308.06367pt x 173.59918pt.

Overfull \vbox (6.32523pt too high) detected at line 503
 []


Overfull \hbox (62.95137pt too wide) has occurred while \output is active
 [][][][]  
 []

[43

 <./Imagenes_reg_log/IMG_3500.jpg>]
<Imagenes_reg_log/IMG_3502.jpg, id=1655, 1674.255pt x 943.525pt>
File: Imagenes_reg_log/IMG_3502.jpg Graphic file (type jpg)
<use Imagenes_reg_log/IMG_3502.jpg>
Package pdftex.def Info: Imagenes_reg_log/IMG_3502.jpg  used on input line 513.

(pdftex.def)             Requested size: 308.06367pt x 173.59918pt.

Overfull \vbox (6.32523pt too high) detected at line 513
 []


Overfull \hbox (62.95137pt too wide) has occurred while \output is active
 [][][][]  
 []

[44

 <./Imagenes_reg_log/IMG_3502.jpg>]
<Imagenes_reg_log/IMG_3503.jpg, id=1691, 1674.255pt x 943.525pt>
File: Imagenes_reg_log/IMG_3503.jpg Graphic file (type jpg)
<use Imagenes_reg_log/IMG_3503.jpg>
Package pdftex.def Info: Imagenes_reg_log/IMG_3503.jpg  used on input line 523.

(pdftex.def)             Requested size: 308.06367pt x 173.59918pt.

Overfull \vbox (6.32523pt too high) detected at line 523
 []


Overfull \hbox (62.95137pt too wide) has occurred while \output is active
 [][][][]  
 []

[45

 <./Imagenes_reg_log/IMG_3503.jpg>]
<Imagenes_reg_log/IMG_3504.jpg, id=1726, 1661.20625pt x 943.525pt>
File: Imagenes_reg_log/IMG_3504.jpg Graphic file (type jpg)
<use Imagenes_reg_log/IMG_3504.jpg>
Package pdftex.def Info: Imagenes_reg_log/IMG_3504.jpg  used on input line 533.

(pdftex.def)             Requested size: 308.06367pt x 174.9669pt.

Overfull \vbox (7.69295pt too high) detected at line 533
 []


Overfull \hbox (62.95137pt too wide) has occurred while \output is active
 [][][][]  
 []

[46

 <./Imagenes_reg_log/IMG_3504.jpg>]
Overfull \hbox (62.95137pt too wide) has occurred while \output is active
 [][][][]  
 []

[47

]
<Imagenes_k_means/IMG_3506.jpg, id=1805, 2232.34pt x 1243.64626pt>
File: Imagenes_k_means/IMG_3506.jpg Graphic file (type jpg)
<use Imagenes_k_means/IMG_3506.jpg>
Package pdftex.def Info: Imagenes_k_means/IMG_3506.jpg  used on input line 554.

(pdftex.def)             Requested size: 308.06367pt x 171.62337pt.

Overfull \vbox (3.5161pt too high) detected at line 554
 []


Overfull \hbox (62.95137pt too wide) has occurred while \output is active
 [][][][]  
 []

[48

 <./Imagenes_k_means/IMG_3506.jpg>]
<Imagenes_k_means/IMG_3507.jpg, id=1844, 2220.295pt x 1251.67625pt>
File: Imagenes_k_means/IMG_3507.jpg Graphic file (type jpg)
<use Imagenes_k_means/IMG_3507.jpg>
Package pdftex.def Info: Imagenes_k_means/IMG_3507.jpg  used on input line 564.

(pdftex.def)             Requested size: 308.06367pt x 173.66736pt.

Overfull \vbox (5.56009pt too high) detected at line 564
 []


Overfull \hbox (62.95137pt too wide) has occurred while \output is active
 [][][][]  
 []

[49

 <./Imagenes_k_means/IMG_3507.jpg>]
<Imagenes_k_means/IMG_3508.jpg, id=1884, 2232.34pt x 1247.66125pt>
File: Imagenes_k_means/IMG_3508.jpg Graphic file (type jpg)
<use Imagenes_k_means/IMG_3508.jpg>
Package pdftex.def Info: Imagenes_k_means/IMG_3508.jpg  used on input line 574.

(pdftex.def)             Requested size: 308.06367pt x 172.17743pt.

Overfull \vbox (4.07016pt too high) detected at line 574
 []


Overfull \hbox (62.95137pt too wide) has occurred while \output is active
 [][][][]  
 []

[50

 <./Imagenes_k_means/IMG_3508.jpg>]
<Imagenes_k_means/IMG_3509.jpg, id=1924, 2232.34pt x 1251.67625pt>
File: Imagenes_k_means/IMG_3509.jpg Graphic file (type jpg)
<use Imagenes_k_means/IMG_3509.jpg>
Package pdftex.def Info: Imagenes_k_means/IMG_3509.jpg  used on input line 584.

(pdftex.def)             Requested size: 308.06367pt x 172.7315pt.

Overfull \vbox (4.62424pt too high) detected at line 584
 []


Overfull \hbox (62.95137pt too wide) has occurred while \output is active
 [][][][]  
 []

[51

 <./Imagenes_k_means/IMG_3509.jpg>]
<Imagenes_k_means/IMG_3510.jpg, id=1963, 2232.34pt x 1252.68pt>
File: Imagenes_k_means/IMG_3510.jpg Graphic file (type jpg)
<use Imagenes_k_means/IMG_3510.jpg>
Package pdftex.def Info: Imagenes_k_means/IMG_3510.jpg  used on input line 594.

(pdftex.def)             Requested size: 308.06367pt x 172.87003pt.

Overfull \vbox (4.76276pt too high) detected at line 594
 []


Overfull \hbox (62.95137pt too wide) has occurred while \output is active
 [][][][]  
 []

[52

 <./Imagenes_k_means/IMG_3510.jpg>]
<Imagenes_k_means/IMG_3511.jpg, id=2002, 2232.34pt x 1254.6875pt>
File: Imagenes_k_means/IMG_3511.jpg Graphic file (type jpg)
<use Imagenes_k_means/IMG_3511.jpg>
Package pdftex.def Info: Imagenes_k_means/IMG_3511.jpg  used on input line 605.

(pdftex.def)             Requested size: 308.06367pt x 173.14706pt.

Overfull \vbox (5.0398pt too high) detected at line 605
 []


Overfull \hbox (62.95137pt too wide) has occurred while \output is active
 [][][][]  
 []

[53

 <./Imagenes_k_means/IMG_3511.jpg>]
<Imagenes_k_means/IMG_3512.jpg, id=2042, 2232.34pt x 1247.66125pt>
File: Imagenes_k_means/IMG_3512.jpg Graphic file (type jpg)
<use Imagenes_k_means/IMG_3512.jpg>
Package pdftex.def Info: Imagenes_k_means/IMG_3512.jpg  used on input line 616.

(pdftex.def)             Requested size: 308.06367pt x 172.17743pt.

Overfull \vbox (4.07016pt too high) detected at line 616
 []


Overfull \hbox (62.95137pt too wide) has occurred while \output is active
 [][][][]  
 []

[54

 <./Imagenes_k_means/IMG_3512.jpg>]
<Imagenes_k_means/IMG_3513.jpg, id=2078, 2232.34pt x 1233.60875pt>
File: Imagenes_k_means/IMG_3513.jpg Graphic file (type jpg)
<use Imagenes_k_means/IMG_3513.jpg>
Package pdftex.def Info: Imagenes_k_means/IMG_3513.jpg  used on input line 626.

(pdftex.def)             Requested size: 308.06367pt x 170.23819pt.

Overfull \vbox (2.13092pt too high) detected at line 626
 []


Overfull \hbox (62.95137pt too wide) has occurred while \output is active
 [][][][]  
 []

[55

 <./Imagenes_k_means/IMG_3513.jpg>]
<Imagenes_k_means/IMG_3514.jpg, id=2118, 2232.34pt x 1249.66875pt>
File: Imagenes_k_means/IMG_3514.jpg Graphic file (type jpg)
<use Imagenes_k_means/IMG_3514.jpg>
Package pdftex.def Info: Imagenes_k_means/IMG_3514.jpg  used on input line 636.

(pdftex.def)             Requested size: 308.06367pt x 172.45447pt.

Overfull \vbox (4.3472pt too high) detected at line 636
 []


Overfull \hbox (62.95137pt too wide) has occurred while \output is active
 [][][][]  
 []

[56

 <./Imagenes_k_means/IMG_3514.jpg>]
<Imagenes_k_means/IMG_3515.jpg, id=2157, 2232.34pt x 1250.6725pt>
File: Imagenes_k_means/IMG_3515.jpg Graphic file (type jpg)
<use Imagenes_k_means/IMG_3515.jpg>
Package pdftex.def Info: Imagenes_k_means/IMG_3515.jpg  used on input line 646.

(pdftex.def)             Requested size: 308.06367pt x 172.59299pt.

Overfull \vbox (4.48572pt too high) detected at line 646
 []


Overfull \hbox (62.95137pt too wide) has occurred while \output is active
 [][][][]  
 []

[57

 <./Imagenes_k_means/IMG_3515.jpg>]
<Imagenes_k_means/IMG_3516.jpg, id=2197, 2232.34pt x 1238.6275pt>
File: Imagenes_k_means/IMG_3516.jpg Graphic file (type jpg)
<use Imagenes_k_means/IMG_3516.jpg>
Package pdftex.def Info: Imagenes_k_means/IMG_3516.jpg  used on input line 656.

(pdftex.def)             Requested size: 308.06367pt x 170.93077pt.

Overfull \vbox (2.8235pt too high) detected at line 656
 []


Overfull \hbox (62.95137pt too wide) has occurred while \output is active
 [][][][]  
 []

[58

 <./Imagenes_k_means/IMG_3516.jpg>]
<Imagenes_k_means/IMG_3517.jpg, id=2236, 2232.34pt x 1245.65375pt>
File: Imagenes_k_means/IMG_3517.jpg Graphic file (type jpg)
<use Imagenes_k_means/IMG_3517.jpg>
Package pdftex.def Info: Imagenes_k_means/IMG_3517.jpg  used on input line 666.

(pdftex.def)             Requested size: 308.06367pt x 171.9004pt.

Overfull \vbox (3.79314pt too high) detected at line 666
 []


Overfull \hbox (62.95137pt too wide) has occurred while \output is active
 [][][][]  
 []

[59

 <./Imagenes_k_means/IMG_3517.jpg>]
<Imagenes_k_means/IMG_3518.jpg, id=2275, 2232.34pt x 1252.68pt>
File: Imagenes_k_means/IMG_3518.jpg Graphic file (type jpg)
<use Imagenes_k_means/IMG_3518.jpg>
Package pdftex.def Info: Imagenes_k_means/IMG_3518.jpg  used on input line 677.

(pdftex.def)             Requested size: 308.06367pt x 172.87003pt.

Overfull \vbox (4.76276pt too high) detected at line 677
 []


Overfull \hbox (62.95137pt too wide) has occurred while \output is active
 [][][][]  
 []

[60

 <./Imagenes_k_means/IMG_3518.jpg>]
<Imagenes_k_means/IMG_3519.jpg, id=2312, 2232.34pt x 1255.69125pt>
File: Imagenes_k_means/IMG_3519.jpg Graphic file (type jpg)
<use Imagenes_k_means/IMG_3519.jpg>
Package pdftex.def Info: Imagenes_k_means/IMG_3519.jpg  used on input line 687.

(pdftex.def)             Requested size: 308.06367pt x 173.28558pt.

Overfull \vbox (5.17831pt too high) detected at line 687
 []


Overfull \hbox (62.95137pt too wide) has occurred while \output is active
 [][][][]  
 []

[61

 <./Imagenes_k_means/IMG_3519.jpg>]
Overfull \hbox (62.95137pt too wide) has occurred while \output is active
 [][][][]  
 []

[62

]
<Imagenes_k_means/IMG_3521.jpg, id=2390, 2232.34pt x 1242.6425pt>
File: Imagenes_k_means/IMG_3521.jpg Graphic file (type jpg)
<use Imagenes_k_means/IMG_3521.jpg>
Package pdftex.def Info: Imagenes_k_means/IMG_3521.jpg  used on input line 704.

(pdftex.def)             Requested size: 308.06367pt x 171.48485pt.

Overfull \vbox (3.37758pt too high) detected at line 704
 []


Overfull \hbox (62.95137pt too wide) has occurred while \output is active
 [][][][]  
 []

[63

 <./Imagenes_k_means/IMG_3521.jpg>]
<Imagenes_k_means/IMG_3523.jpg, id=2430, 2232.34pt x 1245.65375pt>
File: Imagenes_k_means/IMG_3523.jpg Graphic file (type jpg)
<use Imagenes_k_means/IMG_3523.jpg>
Package pdftex.def Info: Imagenes_k_means/IMG_3523.jpg  used on input line 714.

(pdftex.def)             Requested size: 308.06367pt x 171.9004pt.

Overfull \vbox (3.79314pt too high) detected at line 714
 []


Overfull \hbox (62.95137pt too wide) has occurred while \output is active
 [][][][]  
 []

[64

 <./Imagenes_k_means/IMG_3523.jpg>]
<Imagenes_k_means/IMG_3524.jpg, id=2465, 2232.34pt x 1250.6725pt>
File: Imagenes_k_means/IMG_3524.jpg Graphic file (type jpg)
<use Imagenes_k_means/IMG_3524.jpg>
Package pdftex.def Info: Imagenes_k_means/IMG_3524.jpg  used on input line 724.

(pdftex.def)             Requested size: 308.06367pt x 172.59299pt.

Overfull \vbox (4.48572pt too high) detected at line 724
 []


Overfull \hbox (62.95137pt too wide) has occurred while \output is active
 [][][][]  
 []

[65

 <./Imagenes_k_means/IMG_3524.jpg>]
Overfull \hbox (62.95137pt too wide) has occurred while \output is active
 [][][][]  
 []

[66

]
<PCA/IMG_3525.jpg, id=2536, 1674.255pt x 942.52126pt>
File: PCA/IMG_3525.jpg Graphic file (type jpg)
<use PCA/IMG_3525.jpg>
Package pdftex.def Info: PCA/IMG_3525.jpg  used on input line 745.
(pdftex.def)             Requested size: 308.06367pt x 173.4145pt.

Overfull \vbox (6.14055pt too high) detected at line 745
 []


Overfull \hbox (62.95137pt too wide) has occurred while \output is active
 [][][][]  
 []

[67

 <./PCA/IMG_3525.jpg>]
<PCA/IMG_3526.jpg, id=2573, 1674.255pt x 942.52126pt>
File: PCA/IMG_3526.jpg Graphic file (type jpg)
<use PCA/IMG_3526.jpg>
Package pdftex.def Info: PCA/IMG_3526.jpg  used on input line 755.
(pdftex.def)             Requested size: 308.06367pt x 173.4145pt.

Overfull \vbox (6.14055pt too high) detected at line 755
 []


Overfull \hbox (62.95137pt too wide) has occurred while \output is active
 [][][][]  
 []

[68

 <./PCA/IMG_3526.jpg>]
<PCA/IMG_3527.jpg, id=2609, 1664.2175pt x 942.52126pt>
File: PCA/IMG_3527.jpg Graphic file (type jpg)
<use PCA/IMG_3527.jpg>
Package pdftex.def Info: PCA/IMG_3527.jpg  used on input line 765.
(pdftex.def)             Requested size: 308.06367pt x 174.46437pt.

Overfull \vbox (7.19041pt too high) detected at line 765
 []


Overfull \hbox (62.95137pt too wide) has occurred while \output is active
 [][][][]  
 []

[69

 <./PCA/IMG_3527.jpg>]
<PCA/IMG_3528.jpg, id=2648, 1674.255pt x 942.52126pt>
File: PCA/IMG_3528.jpg Graphic file (type jpg)
<use PCA/IMG_3528.jpg>
Package pdftex.def Info: PCA/IMG_3528.jpg  used on input line 775.
(pdftex.def)             Requested size: 308.06367pt x 173.4145pt.

Overfull \vbox (6.14055pt too high) detected at line 775
 []


Overfull \hbox (62.95137pt too wide) has occurred while \output is active
 [][][][]  
 []

[70

 <./PCA/IMG_3528.jpg>]
<PCA/IMG_3529.jpg, id=2685, 1674.255pt x 942.52126pt>
File: PCA/IMG_3529.jpg Graphic file (type jpg)
<use PCA/IMG_3529.jpg>
Package pdftex.def Info: PCA/IMG_3529.jpg  used on input line 785.
(pdftex.def)             Requested size: 308.06367pt x 173.4145pt.

Overfull \vbox (6.14055pt too high) detected at line 785
 []


Overfull \hbox (62.95137pt too wide) has occurred while \output is active
 [][][][]  
 []

[71

 <./PCA/IMG_3529.jpg>]
<PCA/IMG_3530.jpg, id=2721, 1674.255pt x 927.465pt>
File: PCA/IMG_3530.jpg Graphic file (type jpg)
<use PCA/IMG_3530.jpg>
Package pdftex.def Info: PCA/IMG_3530.jpg  used on input line 795.
(pdftex.def)             Requested size: 308.06367pt x 170.6443pt.

Overfull \vbox (3.37035pt too high) detected at line 795
 []


Overfull \hbox (62.95137pt too wide) has occurred while \output is active
 [][][][]  
 []

[72

 <./PCA/IMG_3530.jpg>]
<PCA/IMG_3531.jpg, id=2757, 1674.255pt x 942.52126pt>
File: PCA/IMG_3531.jpg Graphic file (type jpg)
<use PCA/IMG_3531.jpg>
Package pdftex.def Info: PCA/IMG_3531.jpg  used on input line 805.
(pdftex.def)             Requested size: 308.06367pt x 173.4145pt.

Overfull \vbox (6.14055pt too high) detected at line 805
 []


Overfull \hbox (62.95137pt too wide) has occurred while \output is active
 [][][][]  
 []

[73

 <./PCA/IMG_3531.jpg>]
File: PCA/IMG_3531.jpg Graphic file (type jpg)
<use PCA/IMG_3531.jpg>
Package pdftex.def Info: PCA/IMG_3531.jpg  used on input line 815.
(pdftex.def)             Requested size: 308.06367pt x 173.4145pt.

Overfull \vbox (6.14055pt too high) detected at line 815
 []


Overfull \hbox (62.95137pt too wide) has occurred while \output is active
 [][][][]  
 []

[74

]
<PCA/IMG_3532.jpg, id=2830, 1674.255pt x 943.525pt>
File: PCA/IMG_3532.jpg Graphic file (type jpg)
<use PCA/IMG_3532.jpg>
Package pdftex.def Info: PCA/IMG_3532.jpg  used on input line 825.
(pdftex.def)             Requested size: 308.06367pt x 173.59918pt.

Overfull \vbox (6.32523pt too high) detected at line 825
 []


Overfull \hbox (62.95137pt too wide) has occurred while \output is active
 [][][][]  
 []

[75

 <./PCA/IMG_3532.jpg>]
<PCA/IMG_3533.jpg, id=2866, 1674.255pt x 943.525pt>
File: PCA/IMG_3533.jpg Graphic file (type jpg)
<use PCA/IMG_3533.jpg>
Package pdftex.def Info: PCA/IMG_3533.jpg  used on input line 835.
(pdftex.def)             Requested size: 308.06367pt x 173.59918pt.

Overfull \vbox (6.32523pt too high) detected at line 835
 []


Overfull \hbox (62.95137pt too wide) has occurred while \output is active
 [][][][]  
 []

[76

 <./PCA/IMG_3533.jpg>]
<PCA/IMG_3534.jpg, id=2902, 1674.255pt x 943.525pt>
File: PCA/IMG_3534.jpg Graphic file (type jpg)
<use PCA/IMG_3534.jpg>
Package pdftex.def Info: PCA/IMG_3534.jpg  used on input line 845.
(pdftex.def)             Requested size: 308.06367pt x 173.59918pt.

Overfull \vbox (6.32523pt too high) detected at line 845
 []


Overfull \hbox (62.95137pt too wide) has occurred while \output is active
 [][][][]  
 []

[77

 <./PCA/IMG_3534.jpg>]
<PCA/IMG_3535.jpg, id=2939, 1674.255pt x 943.525pt>
File: PCA/IMG_3535.jpg Graphic file (type jpg)
<use PCA/IMG_3535.jpg>
Package pdftex.def Info: PCA/IMG_3535.jpg  used on input line 856.
(pdftex.def)             Requested size: 308.06367pt x 173.59918pt.

Overfull \vbox (6.32523pt too high) detected at line 856
 []


Overfull \hbox (62.95137pt too wide) has occurred while \output is active
 [][][][]  
 []

[78

 <./PCA/IMG_3535.jpg>]
<PCA/IMG_3536.jpg, id=2975, 1674.255pt x 943.525pt>
File: PCA/IMG_3536.jpg Graphic file (type jpg)
<use PCA/IMG_3536.jpg>
Package pdftex.def Info: PCA/IMG_3536.jpg  used on input line 866.
(pdftex.def)             Requested size: 308.06367pt x 173.59918pt.

Overfull \vbox (6.32523pt too high) detected at line 866
 []


Overfull \hbox (62.95137pt too wide) has occurred while \output is active
 [][][][]  
 []

[79

 <./PCA/IMG_3536.jpg>]
<PCA/IMG_3537.jpg, id=3012, 1674.255pt x 943.525pt>
File: PCA/IMG_3537.jpg Graphic file (type jpg)
<use PCA/IMG_3537.jpg>
Package pdftex.def Info: PCA/IMG_3537.jpg  used on input line 876.
(pdftex.def)             Requested size: 308.06367pt x 173.59918pt.

Overfull \vbox (6.32523pt too high) detected at line 876
 []


Overfull \hbox (62.95137pt too wide) has occurred while \output is active
 [][][][]  
 []

[80

 <./PCA/IMG_3537.jpg>]
<PCA/IMG_3538.jpg, id=3049, 1674.255pt x 943.525pt>
File: PCA/IMG_3538.jpg Graphic file (type jpg)
<use PCA/IMG_3538.jpg>
Package pdftex.def Info: PCA/IMG_3538.jpg  used on input line 886.
(pdftex.def)             Requested size: 308.06367pt x 173.59918pt.

Overfull \vbox (6.32523pt too high) detected at line 886
 []


Overfull \hbox (62.95137pt too wide) has occurred while \output is active
 [][][][]  
 []

[81

 <./PCA/IMG_3538.jpg>]
<PCA/IMG_3539.jpg, id=3085, 1655.18375pt x 943.525pt>
File: PCA/IMG_3539.jpg Graphic file (type jpg)
<use PCA/IMG_3539.jpg>
Package pdftex.def Info: PCA/IMG_3539.jpg  used on input line 896.
(pdftex.def)             Requested size: 308.06367pt x 175.60037pt.

Overfull \vbox (8.32642pt too high) detected at line 896
 []


Overfull \hbox (62.95137pt too wide) has occurred while \output is active
 [][][][]  
 []

[82

 <./PCA/IMG_3539.jpg>]
<PCA/IMG_3540.jpg, id=3124, 1674.255pt x 943.525pt>
File: PCA/IMG_3540.jpg Graphic file (type jpg)
<use PCA/IMG_3540.jpg>
Package pdftex.def Info: PCA/IMG_3540.jpg  used on input line 906.
(pdftex.def)             Requested size: 308.06367pt x 173.59918pt.

Overfull \vbox (6.32523pt too high) detected at line 906
 []


Overfull \hbox (62.95137pt too wide) has occurred while \output is active
 [][][][]  
 []

[83

 <./PCA/IMG_3540.jpg>]
<PCA/IMG_3541.jpg, id=3160, 1674.255pt x 943.525pt>
File: PCA/IMG_3541.jpg Graphic file (type jpg)
<use PCA/IMG_3541.jpg>
Package pdftex.def Info: PCA/IMG_3541.jpg  used on input line 917.
(pdftex.def)             Requested size: 308.06367pt x 173.59918pt.

Overfull \vbox (6.32523pt too high) detected at line 917
 []


Overfull \hbox (62.95137pt too wide) has occurred while \output is active
 [][][][]  
 []

[84

 <./PCA/IMG_3541.jpg>]
<PCA/IMG_3542.jpg, id=3197, 1674.255pt x 943.525pt>
File: PCA/IMG_3542.jpg Graphic file (type jpg)
<use PCA/IMG_3542.jpg>
Package pdftex.def Info: PCA/IMG_3542.jpg  used on input line 928.
(pdftex.def)             Requested size: 308.06367pt x 173.59918pt.

Overfull \vbox (6.32523pt too high) detected at line 928
 []


Overfull \hbox (62.95137pt too wide) has occurred while \output is active
 [][][][]  
 []

[85

 <./PCA/IMG_3542.jpg>]
Overfull \hbox (62.95137pt too wide) has occurred while \output is active
 [][][][]  
 []

[86

]
<PCA/IMG_3544.jpg, id=3272, 1674.255pt x 943.525pt>
File: PCA/IMG_3544.jpg Graphic file (type jpg)
<use PCA/IMG_3544.jpg>
Package pdftex.def Info: PCA/IMG_3544.jpg  used on input line 946.
(pdftex.def)             Requested size: 308.06367pt x 173.59918pt.

Overfull \vbox (6.32523pt too high) detected at line 946
 []


Overfull \hbox (62.95137pt too wide) has occurred while \output is active
 [][][][]  
 []

[87

 <./PCA/IMG_3544.jpg>]
<PCA/IMG_3545.jpg, id=3309, 1674.255pt x 943.525pt>
File: PCA/IMG_3545.jpg Graphic file (type jpg)
<use PCA/IMG_3545.jpg>
Package pdftex.def Info: PCA/IMG_3545.jpg  used on input line 957.
(pdftex.def)             Requested size: 308.06367pt x 173.59918pt.

Overfull \vbox (6.32523pt too high) detected at line 957
 []


Overfull \hbox (62.95137pt too wide) has occurred while \output is active
 [][][][]  
 []

[88

 <./PCA/IMG_3545.jpg>]
<PCA/IMG_3546.jpg, id=3345, 1674.255pt x 943.525pt>
File: PCA/IMG_3546.jpg Graphic file (type jpg)
<use PCA/IMG_3546.jpg>
Package pdftex.def Info: PCA/IMG_3546.jpg  used on input line 967.
(pdftex.def)             Requested size: 308.06367pt x 173.59918pt.

Overfull \vbox (6.32523pt too high) detected at line 967
 []


Overfull \hbox (62.95137pt too wide) has occurred while \output is active
 [][][][]  
 []

[89

 <./PCA/IMG_3546.jpg>]
<PCA/IMG_3547.jpg, id=3381, 1674.255pt x 943.525pt>
File: PCA/IMG_3547.jpg Graphic file (type jpg)
<use PCA/IMG_3547.jpg>
Package pdftex.def Info: PCA/IMG_3547.jpg  used on input line 978.
(pdftex.def)             Requested size: 308.06367pt x 173.59918pt.

Overfull \vbox (6.32523pt too high) detected at line 978
 []


Overfull \hbox (62.95137pt too wide) has occurred while \output is active
 [][][][]  
 []

[90

 <./PCA/IMG_3547.jpg>]
<PCA/IMG_3549.jpg, id=3418, 1674.255pt x 943.525pt>
File: PCA/IMG_3549.jpg Graphic file (type jpg)
<use PCA/IMG_3549.jpg>
Package pdftex.def Info: PCA/IMG_3549.jpg  used on input line 989.
(pdftex.def)             Requested size: 308.06367pt x 173.59918pt.

Overfull \vbox (6.32523pt too high) detected at line 989
 []


Overfull \hbox (62.95137pt too wide) has occurred while \output is active
 [][][][]  
 []

[91

 <./PCA/IMG_3549.jpg>]
<PCA/IMG_3550.jpg, id=3455, 1674.255pt x 943.525pt>
File: PCA/IMG_3550.jpg Graphic file (type jpg)
<use PCA/IMG_3550.jpg>
Package pdftex.def Info: PCA/IMG_3550.jpg  used on input line 1000.
(pdftex.def)             Requested size: 308.06367pt x 173.59918pt.

Overfull \vbox (6.32523pt too high) detected at line 1000
 []


Overfull \hbox (62.95137pt too wide) has occurred while \output is active
 [][][][]  
 []

[92

 <./PCA/IMG_3550.jpg>]
<PCA/IMG_3551.jpg, id=3491, 1674.255pt x 943.525pt>
File: PCA/IMG_3551.jpg Graphic file (type jpg)
<use PCA/IMG_3551.jpg>
Package pdftex.def Info: PCA/IMG_3551.jpg  used on input line 1010.
(pdftex.def)             Requested size: 308.06367pt x 173.59918pt.

Overfull \vbox (6.32523pt too high) detected at line 1010
 []


Overfull \hbox (62.95137pt too wide) has occurred while \output is active
 [][][][]  
 []

[93

 <./PCA/IMG_3551.jpg>]
<PCA/IMG_3552.jpg, id=3527, 1674.255pt x 943.525pt>
File: PCA/IMG_3552.jpg Graphic file (type jpg)
<use PCA/IMG_3552.jpg>
Package pdftex.def Info: PCA/IMG_3552.jpg  used on input line 1020.
(pdftex.def)             Requested size: 308.06367pt x 173.59918pt.

Overfull \vbox (6.32523pt too high) detected at line 1020
 []


Overfull \hbox (62.95137pt too wide) has occurred while \output is active
 [][][][]  
 []

[94

 <./PCA/IMG_3552.jpg>]
<PCA/IMG_3553.jpg, id=3564, 1674.255pt x 943.525pt>
File: PCA/IMG_3553.jpg Graphic file (type jpg)
<use PCA/IMG_3553.jpg>
Package pdftex.def Info: PCA/IMG_3553.jpg  used on input line 1030.
(pdftex.def)             Requested size: 308.06367pt x 173.59918pt.

Overfull \vbox (6.32523pt too high) detected at line 1030
 []


Overfull \hbox (62.95137pt too wide) has occurred while \output is active
 [][][][]  
 []

[95

 <./PCA/IMG_3553.jpg>]
<PCA/IMG_3554.jpg, id=3600, 1674.255pt x 927.465pt>
File: PCA/IMG_3554.jpg Graphic file (type jpg)
<use PCA/IMG_3554.jpg>
Package pdftex.def Info: PCA/IMG_3554.jpg  used on input line 1040.
(pdftex.def)             Requested size: 308.06367pt x 170.6443pt.

Overfull \vbox (3.37035pt too high) detected at line 1040
 []


Overfull \hbox (62.95137pt too wide) has occurred while \output is active
 [][][][]  
 []

[96

 <./PCA/IMG_3554.jpg>]
<PCA/IMG_3555.jpg, id=3636, 1665.22125pt x 927.465pt>
File: PCA/IMG_3555.jpg Graphic file (type jpg)
<use PCA/IMG_3555.jpg>
Package pdftex.def Info: PCA/IMG_3555.jpg  used on input line 1050.
(pdftex.def)             Requested size: 308.06367pt x 171.57834pt.

Overfull \vbox (4.30438pt too high) detected at line 1050
 []


Overfull \hbox (62.95137pt too wide) has occurred while \output is active
 [][][][]  
 []

[97

 <./PCA/IMG_3555.jpg>]
<PCA/IMG_3556.jpg, id=3677, 1674.255pt x 943.525pt>
File: PCA/IMG_3556.jpg Graphic file (type jpg)
<use PCA/IMG_3556.jpg>
Package pdftex.def Info: PCA/IMG_3556.jpg  used on input line 1061.
(pdftex.def)             Requested size: 308.06367pt x 173.59918pt.

Overfull \vbox (6.32523pt too high) detected at line 1061
 []


Overfull \hbox (62.95137pt too wide) has occurred while \output is active
 [][][][]  
 []

[98

 <./PCA/IMG_3556.jpg>]
<PCA/IMG_3557.jpg, id=3713, 1674.255pt x 943.525pt>
File: PCA/IMG_3557.jpg Graphic file (type jpg)
<use PCA/IMG_3557.jpg>
Package pdftex.def Info: PCA/IMG_3557.jpg  used on input line 1071.
(pdftex.def)             Requested size: 308.06367pt x 173.59918pt.

Overfull \vbox (6.32523pt too high) detected at line 1071
 []


Overfull \hbox (62.95137pt too wide) has occurred while \output is active
 [][][][]  
 []

[99

 <./PCA/IMG_3557.jpg>]
<PCA/IMG_3558.jpg, id=3749, 1632.0975pt x 927.465pt>
File: PCA/IMG_3558.jpg Graphic file (type jpg)
<use PCA/IMG_3558.jpg>
Package pdftex.def Info: PCA/IMG_3558.jpg  used on input line 1081.
(pdftex.def)             Requested size: 308.06367pt x 175.05972pt.

Overfull \vbox (7.78577pt too high) detected at line 1081
 []


Overfull \hbox (62.95137pt too wide) has occurred while \output is active
 [][][][]  
 []

[100

 <./PCA/IMG_3558.jpg>]
<PCA/IMG_3559.jpg, id=3788, 1650.165pt x 943.525pt>
File: PCA/IMG_3559.jpg Graphic file (type jpg)
<use PCA/IMG_3559.jpg>
Package pdftex.def Info: PCA/IMG_3559.jpg  used on input line 1091.
(pdftex.def)             Requested size: 308.06367pt x 176.13306pt.

Overfull \vbox (8.8591pt too high) detected at line 1091
 []


Overfull \hbox (62.95137pt too wide) has occurred while \output is active
 [][][][]  
 []

[101

 <./PCA/IMG_3559.jpg>]
<PCA/IMG_3560.jpg, id=3828, 1674.255pt x 943.525pt>
File: PCA/IMG_3560.jpg Graphic file (type jpg)
<use PCA/IMG_3560.jpg>
Package pdftex.def Info: PCA/IMG_3560.jpg  used on input line 1101.
(pdftex.def)             Requested size: 308.06367pt x 173.59918pt.

Overfull \vbox (6.32523pt too high) detected at line 1101
 []


Overfull \hbox (62.95137pt too wide) has occurred while \output is active
 [][][][]  
 []

[102

 <./PCA/IMG_3560.jpg>]
Overfull \hbox (62.95137pt too wide) has occurred while \output is active
 [][][][]  
 []

[103

]
<PCA/IMG_3562.jpg, id=3903, 1674.255pt x 943.525pt>
File: PCA/IMG_3562.jpg Graphic file (type jpg)
<use PCA/IMG_3562.jpg>
Package pdftex.def Info: PCA/IMG_3562.jpg  used on input line 1119.
(pdftex.def)             Requested size: 308.06367pt x 173.59918pt.

Overfull \vbox (6.32523pt too high) detected at line 1119
 []


Overfull \hbox (62.95137pt too wide) has occurred while \output is active
 [][][][]  
 []

[104

 <./PCA/IMG_3562.jpg>]
<PCA/IMG_3563.jpg, id=3940, 1674.255pt x 943.525pt>
File: PCA/IMG_3563.jpg Graphic file (type jpg)
<use PCA/IMG_3563.jpg>
Package pdftex.def Info: PCA/IMG_3563.jpg  used on input line 1129.
(pdftex.def)             Requested size: 308.06367pt x 173.59918pt.

Overfull \vbox (6.32523pt too high) detected at line 1129
 []


Overfull \hbox (62.95137pt too wide) has occurred while \output is active
 [][][][]  
 []

[105

 <./PCA/IMG_3563.jpg>]
<PCA/IMG_3564.jpg, id=3976, 1674.255pt x 943.525pt>
File: PCA/IMG_3564.jpg Graphic file (type jpg)
<use PCA/IMG_3564.jpg>
Package pdftex.def Info: PCA/IMG_3564.jpg  used on input line 1139.
(pdftex.def)             Requested size: 308.06367pt x 173.59918pt.

Overfull \vbox (6.32523pt too high) detected at line 1139
 []


Overfull \hbox (62.95137pt too wide) has occurred while \output is active
 [][][][]  
 []

[106

 <./PCA/IMG_3564.jpg>]
<PCA/IMG_3565.jpg, id=4012, 1674.255pt x 928.46875pt>
File: PCA/IMG_3565.jpg Graphic file (type jpg)
<use PCA/IMG_3565.jpg>
Package pdftex.def Info: PCA/IMG_3565.jpg  used on input line 1149.
(pdftex.def)             Requested size: 308.06367pt x 170.82898pt.

Overfull \vbox (3.55502pt too high) detected at line 1149
 []


Overfull \hbox (62.95137pt too wide) has occurred while \output is active
 [][][][]  
 []

[107

 <./PCA/IMG_3565.jpg>]
<PCA/IMG_3566.jpg, id=4052, 1674.255pt x 927.465pt>
File: PCA/IMG_3566.jpg Graphic file (type jpg)
<use PCA/IMG_3566.jpg>
Package pdftex.def Info: PCA/IMG_3566.jpg  used on input line 1160.
(pdftex.def)             Requested size: 308.06367pt x 170.6443pt.

Overfull \vbox (3.37035pt too high) detected at line 1160
 []


Overfull \hbox (62.95137pt too wide) has occurred while \output is active
 [][][][]  
 []

[108

 <./PCA/IMG_3566.jpg>]
<PCA/IMG_3567.jpg, id=4088, 1674.255pt x 943.525pt>
File: PCA/IMG_3567.jpg Graphic file (type jpg)
<use PCA/IMG_3567.jpg>
Package pdftex.def Info: PCA/IMG_3567.jpg  used on input line 1170.
(pdftex.def)             Requested size: 308.06367pt x 173.59918pt.

Overfull \vbox (6.32523pt too high) detected at line 1170
 []


Overfull \hbox (62.95137pt too wide) has occurred while \output is active
 [][][][]  
 []

[109

 <./PCA/IMG_3567.jpg>]
<PCA/IMG_3568.jpg, id=4125, 1674.255pt x 943.525pt>
File: PCA/IMG_3568.jpg Graphic file (type jpg)
<use PCA/IMG_3568.jpg>
Package pdftex.def Info: PCA/IMG_3568.jpg  used on input line 1180.
(pdftex.def)             Requested size: 308.06367pt x 173.59918pt.

Overfull \vbox (6.32523pt too high) detected at line 1180
 []


Overfull \hbox (62.95137pt too wide) has occurred while \output is active
 [][][][]  
 []

[110

 <./PCA/IMG_3568.jpg>]
<PCA/IMG_3569.jpg, id=4161, 1674.255pt x 943.525pt>
File: PCA/IMG_3569.jpg Graphic file (type jpg)
<use PCA/IMG_3569.jpg>
Package pdftex.def Info: PCA/IMG_3569.jpg  used on input line 1190.
(pdftex.def)             Requested size: 308.06367pt x 173.59918pt.

Overfull \vbox (6.32523pt too high) detected at line 1190
 []


Overfull \hbox (62.95137pt too wide) has occurred while \output is active
 [][][][]  
 []

[111

 <./PCA/IMG_3569.jpg>]
<PCA/IMG_3570.jpg, id=4198, 1674.255pt x 943.525pt>
File: PCA/IMG_3570.jpg Graphic file (type jpg)
<use PCA/IMG_3570.jpg>
Package pdftex.def Info: PCA/IMG_3570.jpg  used on input line 1200.
(pdftex.def)             Requested size: 308.06367pt x 173.59918pt.

Overfull \vbox (6.32523pt too high) detected at line 1200
 []


Overfull \hbox (62.95137pt too wide) has occurred while \output is active
 [][][][]  
 []

[112

 <./PCA/IMG_3570.jpg>]
<PCA/IMG_3571.jpg, id=4234, 1674.255pt x 943.525pt>
File: PCA/IMG_3571.jpg Graphic file (type jpg)
<use PCA/IMG_3571.jpg>
Package pdftex.def Info: PCA/IMG_3571.jpg  used on input line 1211.
(pdftex.def)             Requested size: 308.06367pt x 173.59918pt.

Overfull \vbox (6.32523pt too high) detected at line 1211
 []


Overfull \hbox (62.95137pt too wide) has occurred while \output is active
 [][][][]  
 []

[113

 <./PCA/IMG_3571.jpg>]
<PCA/IMG_3572.jpg, id=4270, 1674.255pt x 943.525pt>
File: PCA/IMG_3572.jpg Graphic file (type jpg)
<use PCA/IMG_3572.jpg>
Package pdftex.def Info: PCA/IMG_3572.jpg  used on input line 1221.
(pdftex.def)             Requested size: 308.06367pt x 173.59918pt.

Overfull \vbox (6.32523pt too high) detected at line 1221
 []


Overfull \hbox (62.95137pt too wide) has occurred while \output is active
 [][][][]  
 []

[114

 <./PCA/IMG_3572.jpg>]
<PCA/IMG_3573.jpg, id=4307, 1674.255pt x 943.525pt>
File: PCA/IMG_3573.jpg Graphic file (type jpg)
<use PCA/IMG_3573.jpg>
Package pdftex.def Info: PCA/IMG_3573.jpg  used on input line 1231.
(pdftex.def)             Requested size: 308.06367pt x 173.59918pt.

Overfull \vbox (6.32523pt too high) detected at line 1231
 []


Overfull \hbox (62.95137pt too wide) has occurred while \output is active
 [][][][]  
 []

[115

 <./PCA/IMG_3573.jpg>]
<PCA/IMG_3574.jpg, id=4344, 1674.255pt x 943.525pt>
File: PCA/IMG_3574.jpg Graphic file (type jpg)
<use PCA/IMG_3574.jpg>
Package pdftex.def Info: PCA/IMG_3574.jpg  used on input line 1241.
(pdftex.def)             Requested size: 308.06367pt x 173.59918pt.

Overfull \vbox (6.32523pt too high) detected at line 1241
 []


Overfull \hbox (62.95137pt too wide) has occurred while \output is active
 [][][][]  
 []

[116

 <./PCA/IMG_3574.jpg>]
<PCA/IMG_3575.jpg, id=4380, 1674.255pt x 929.4725pt>
File: PCA/IMG_3575.jpg Graphic file (type jpg)
<use PCA/IMG_3575.jpg>
Package pdftex.def Info: PCA/IMG_3575.jpg  used on input line 1251.
(pdftex.def)             Requested size: 308.06367pt x 171.01367pt.

Overfull \vbox (3.73972pt too high) detected at line 1251
 []


Overfull \hbox (62.95137pt too wide) has occurred while \output is active
 [][][][]  
 []

[117

 <./PCA/IMG_3575.jpg>]
<PCA/IMG_3576.jpg, id=4419, 1674.255pt x 927.465pt>
File: PCA/IMG_3576.jpg Graphic file (type jpg)
<use PCA/IMG_3576.jpg>
Package pdftex.def Info: PCA/IMG_3576.jpg  used on input line 1262.
(pdftex.def)             Requested size: 308.06367pt x 170.6443pt.

Overfull \vbox (3.37035pt too high) detected at line 1262
 []


Overfull \hbox (62.95137pt too wide) has occurred while \output is active
 [][][][]  
 []

[118

 <./PCA/IMG_3576.jpg>]
<PCA/IMG_3578.jpg, id=4456, 1674.255pt x 943.525pt>
File: PCA/IMG_3578.jpg Graphic file (type jpg)
<use PCA/IMG_3578.jpg>
Package pdftex.def Info: PCA/IMG_3578.jpg  used on input line 1274.
(pdftex.def)             Requested size: 308.06367pt x 173.59918pt.

Overfull \vbox (6.32523pt too high) detected at line 1274
 []


Overfull \hbox (62.95137pt too wide) has occurred while \output is active
 [][][][]  
 []

[119

 <./PCA/IMG_3578.jpg>]
<PCA/IMG_3579.jpg, id=4492, 1674.255pt x 943.525pt>
File: PCA/IMG_3579.jpg Graphic file (type jpg)
<use PCA/IMG_3579.jpg>
Package pdftex.def Info: PCA/IMG_3579.jpg  used on input line 1284.
(pdftex.def)             Requested size: 308.06367pt x 173.59918pt.

Overfull \vbox (6.32523pt too high) detected at line 1284
 []


Overfull \hbox (62.95137pt too wide) has occurred while \output is active
 [][][][]  
 []

[120

 <./PCA/IMG_3579.jpg>]
<PCA/IMG_3580.jpg, id=4528, 1674.255pt x 943.525pt>
File: PCA/IMG_3580.jpg Graphic file (type jpg)
<use PCA/IMG_3580.jpg>
Package pdftex.def Info: PCA/IMG_3580.jpg  used on input line 1294.
(pdftex.def)             Requested size: 308.06367pt x 173.59918pt.

Overfull \vbox (6.32523pt too high) detected at line 1294
 []


Overfull \hbox (62.95137pt too wide) has occurred while \output is active
 [][][][]  
 []

[121

 <./PCA/IMG_3580.jpg>]
<PCA/IMG_3581.jpg, id=4566, 1674.255pt x 943.525pt>
File: PCA/IMG_3581.jpg Graphic file (type jpg)
<use PCA/IMG_3581.jpg>
Package pdftex.def Info: PCA/IMG_3581.jpg  used on input line 1304.
(pdftex.def)             Requested size: 308.06367pt x 173.59918pt.

Overfull \vbox (6.32523pt too high) detected at line 1304
 []


Overfull \hbox (62.95137pt too wide) has occurred while \output is active
 [][][][]  
 []

[122

 <./PCA/IMG_3581.jpg>]
<PCA/IMG_3582.jpg, id=4602, 1674.255pt x 943.525pt>
File: PCA/IMG_3582.jpg Graphic file (type jpg)
<use PCA/IMG_3582.jpg>
Package pdftex.def Info: PCA/IMG_3582.jpg  used on input line 1314.
(pdftex.def)             Requested size: 308.06367pt x 173.59918pt.

Overfull \vbox (6.32523pt too high) detected at line 1314
 []


Overfull \hbox (62.95137pt too wide) has occurred while \output is active
 [][][][]  
 []

[123

 <./PCA/IMG_3582.jpg>]
<PCA/IMG_3583.jpg, id=4638, 1674.255pt x 943.525pt>
File: PCA/IMG_3583.jpg Graphic file (type jpg)
<use PCA/IMG_3583.jpg>
Package pdftex.def Info: PCA/IMG_3583.jpg  used on input line 1324.
(pdftex.def)             Requested size: 308.06367pt x 173.59918pt.

Overfull \vbox (6.32523pt too high) detected at line 1324
 []


Overfull \hbox (62.95137pt too wide) has occurred while \output is active
 [][][][]  
 []

[124

 <./PCA/IMG_3583.jpg>]
<PCA/IMG_3584.jpg, id=4675, 1658.195pt x 943.525pt>
File: PCA/IMG_3584.jpg Graphic file (type jpg)
<use PCA/IMG_3584.jpg>
Package pdftex.def Info: PCA/IMG_3584.jpg  used on input line 1334.
(pdftex.def)             Requested size: 308.06367pt x 175.28363pt.

Overfull \vbox (8.00967pt too high) detected at line 1334
 []


Overfull \hbox (62.95137pt too wide) has occurred while \output is active
 [][][][]  
 []

[125

 <./PCA/IMG_3584.jpg>]
<PCA/IMG_3585.jpg, id=4714, 1674.255pt x 929.4725pt>
File: PCA/IMG_3585.jpg Graphic file (type jpg)
<use PCA/IMG_3585.jpg>
Package pdftex.def Info: PCA/IMG_3585.jpg  used on input line 1344.
(pdftex.def)             Requested size: 308.06367pt x 171.01367pt.

Overfull \vbox (3.73972pt too high) detected at line 1344
 []


Overfull \hbox (62.95137pt too wide) has occurred while \output is active
 [][][][]  
 []

[126

 <./PCA/IMG_3585.jpg>]
<PCA/IMG_3586.jpg, id=4750, 1674.255pt x 928.46875pt>
File: PCA/IMG_3586.jpg Graphic file (type jpg)
<use PCA/IMG_3586.jpg>
Package pdftex.def Info: PCA/IMG_3586.jpg  used on input line 1355.
(pdftex.def)             Requested size: 308.06367pt x 170.82898pt.

Overfull \vbox (3.55502pt too high) detected at line 1355
 []


Overfull \hbox (62.95137pt too wide) has occurred while \output is active
 [][][][]  
 []

[127

 <./PCA/IMG_3586.jpg>]
<PCA/IMG_3587.jpg, id=4787, 1674.255pt x 943.525pt>
File: PCA/IMG_3587.jpg Graphic file (type jpg)
<use PCA/IMG_3587.jpg>
Package pdftex.def Info: PCA/IMG_3587.jpg  used on input line 1365.
(pdftex.def)             Requested size: 308.06367pt x 173.59918pt.

Overfull \vbox (6.32523pt too high) detected at line 1365
 []


Overfull \hbox (62.95137pt too wide) has occurred while \output is active
 [][][][]  
 []

[128

 <./PCA/IMG_3587.jpg>]
<PCA/IMG_3588.jpg, id=4824, 1674.255pt x 943.525pt>
File: PCA/IMG_3588.jpg Graphic file (type jpg)
<use PCA/IMG_3588.jpg>
Package pdftex.def Info: PCA/IMG_3588.jpg  used on input line 1375.
(pdftex.def)             Requested size: 308.06367pt x 173.59918pt.

Overfull \vbox (6.32523pt too high) detected at line 1375
 []


Overfull \hbox (62.95137pt too wide) has occurred while \output is active
 [][][][]  
 []

[129

 <./PCA/IMG_3588.jpg>]
<PCA/IMG_3589.jpg, id=4860, 1674.255pt x 943.525pt>
File: PCA/IMG_3589.jpg Graphic file (type jpg)
<use PCA/IMG_3589.jpg>
Package pdftex.def Info: PCA/IMG_3589.jpg  used on input line 1385.
(pdftex.def)             Requested size: 308.06367pt x 173.59918pt.

Overfull \vbox (6.32523pt too high) detected at line 1385
 []


Overfull \hbox (62.95137pt too wide) has occurred while \output is active
 [][][][]  
 []

[130

 <./PCA/IMG_3589.jpg>]
<PCA/IMG_3590.jpg, id=4896, 1674.255pt x 943.525pt>
File: PCA/IMG_3590.jpg Graphic file (type jpg)
<use PCA/IMG_3590.jpg>
Package pdftex.def Info: PCA/IMG_3590.jpg  used on input line 1395.
(pdftex.def)             Requested size: 308.06367pt x 173.59918pt.

Overfull \vbox (6.32523pt too high) detected at line 1395
 []


Overfull \hbox (62.95137pt too wide) has occurred while \output is active
 [][][][]  
 []

[131

 <./PCA/IMG_3590.jpg>]
<PCA/IMG_3591.jpg, id=4933, 1674.255pt x 943.525pt>
File: PCA/IMG_3591.jpg Graphic file (type jpg)
<use PCA/IMG_3591.jpg>
Package pdftex.def Info: PCA/IMG_3591.jpg  used on input line 1405.
(pdftex.def)             Requested size: 308.06367pt x 173.59918pt.

Overfull \vbox (6.32523pt too high) detected at line 1405
 []


Overfull \hbox (62.95137pt too wide) has occurred while \output is active
 [][][][]  
 []

[132

 <./PCA/IMG_3591.jpg>]
<PCA/IMG_3592.jpg, id=4969, 1674.255pt x 943.525pt>
File: PCA/IMG_3592.jpg Graphic file (type jpg)
<use PCA/IMG_3592.jpg>
Package pdftex.def Info: PCA/IMG_3592.jpg  used on input line 1415.
(pdftex.def)             Requested size: 308.06367pt x 173.59918pt.

Overfull \vbox (6.32523pt too high) detected at line 1415
 []


Overfull \hbox (62.95137pt too wide) has occurred while \output is active
 [][][][]  
 []

[133

 <./PCA/IMG_3592.jpg>]
<PCA/IMG_3593.jpg, id=5006, 1674.255pt x 943.525pt>
File: PCA/IMG_3593.jpg Graphic file (type jpg)
<use PCA/IMG_3593.jpg>
Package pdftex.def Info: PCA/IMG_3593.jpg  used on input line 1425.
(pdftex.def)             Requested size: 308.06367pt x 173.59918pt.

Overfull \vbox (6.32523pt too high) detected at line 1425
 []


Overfull \hbox (62.95137pt too wide) has occurred while \output is active
 [][][][]  
 []

[134

 <./PCA/IMG_3593.jpg>]
<PCA/IMG_3594.jpg, id=5042, 1674.255pt x 943.525pt>
File: PCA/IMG_3594.jpg Graphic file (type jpg)
<use PCA/IMG_3594.jpg>
Package pdftex.def Info: PCA/IMG_3594.jpg  used on input line 1435.
(pdftex.def)             Requested size: 171.14764pt x 96.44559pt.

Overfull \hbox (62.95137pt too wide) has occurred while \output is active
 [][][][]  
 []

[135

 <./PCA/IMG_3594.jpg>]
<pilares ML.jpeg, id=5081, 426.84468pt x 256.70906pt>
File: pilares ML.jpeg Graphic file (type jpg)
<use pilares ML.jpeg>
Package pdftex.def Info: pilares ML.jpeg  used on input line 1446.
(pdftex.def)             Requested size: 308.06367pt x 185.28474pt.

Overfull \vbox (18.01079pt too high) detected at line 1446
 []


Overfull \hbox (62.95137pt too wide) has occurred while \output is active
 [][][][]  
 []

[136

 <./pilares ML.jpeg>]
\tf@nav=\write6
\openout6 = `template_Beamer.nav'.

\tf@toc=\write7
\openout7 = `template_Beamer.toc'.

\tf@snm=\write8
\openout8 = `template_Beamer.snm'.

 (./template_Beamer.aux)

LaTeX Font Warning: Some font shapes were not available, defaults substituted.

Package rerunfilecheck Info: File `template_Beamer.out' has not changed.
(rerunfilecheck)             Checksum: B01AC0CE11F58CC03A5E321EC86FC3E2;696.
 ) 
Here is how much of TeX's memory you used:
 23582 strings out of 476091
 469603 string characters out of 5794081
 1913330 words of memory out of 5000000
 43138 multiletter control sequences out of 15000+600000
 515361 words of font info for 42 fonts, out of 8000000 for 9000
 1141 hyphenation exceptions out of 8191
 128i,16n,122p,417b,823s stack positions out of 10000i,1000n,20000p,200000b,200000s
</usr/share/texlive/texmf-dist/fonts/type1/public/amsfonts/cm/cmss10.pfb></us
r/share/texlive/texmf-dist/fonts/type1/public/amsfonts/cm/cmss12.pfb></usr/shar
e/texlive/texmf-dist/fonts/type1/public/amsfonts/cm/cmss8.pfb></usr/share/texli
ve/texmf-dist/fonts/type1/public/amsfonts/cm/cmssbx10.pfb></usr/share/texlive/t
exmf-dist/fonts/type1/public/amsfonts/cm/cmssi10.pfb>
Output written on template_Beamer.pdf (136 pages, 31294130 bytes).
PDF statistics:
 5207 PDF objects out of 6186 (max. 8388607)
 4168 compressed objects within 42 object streams
 277 named destinations out of 1000 (max. 500000)
 4972 words of extra memory for PDF output out of 10000 (max. 10000000)

